Using pre-set license
Built from '2021.3/staging' branch; Version is '2021.3.9f1 (ad3870b89536) revision 11352176'; Using compiler version '192829333'; Build Type 'Release'
OS: 'Windows 10  (10.0.19044) 64bit Professional' Language: 'en' Physical Memory: 65277 MB
BatchMode: 1, IsHumanControllingUs: 0, StartBugReporterOnCrash: 0, Is64bit: 1, IsPro: 1

COMMAND LINE ARGUMENTS:
H:\Unity Editors\2021.3.9f1\Editor\Unity.exe
-adb2
-batchMode
-noUpm
-name
AssetImportWorker5
-projectPath
H:/Unity Projects/LightingBasics
-logFile
Logs/AssetImportWorker5.log
-srvPort
58475
Successfully changed project path to: H:/Unity Projects/LightingBasics
H:/Unity Projects/LightingBasics
[UnityMemory] Configuration Parameters - Can be set up in boot.config
    "memorysetup-bucket-allocator-granularity=16"
    "memorysetup-bucket-allocator-bucket-count=8"
    "memorysetup-bucket-allocator-block-size=33554432"
    "memorysetup-bucket-allocator-block-count=8"
    "memorysetup-main-allocator-block-size=16777216"
    "memorysetup-thread-allocator-block-size=16777216"
    "memorysetup-gfx-main-allocator-block-size=16777216"
    "memorysetup-gfx-thread-allocator-block-size=16777216"
    "memorysetup-cache-allocator-block-size=4194304"
    "memorysetup-typetree-allocator-block-size=2097152"
    "memorysetup-profiler-bucket-allocator-granularity=16"
    "memorysetup-profiler-bucket-allocator-bucket-count=8"
    "memorysetup-profiler-bucket-allocator-block-size=33554432"
    "memorysetup-profiler-bucket-allocator-block-count=8"
    "memorysetup-profiler-allocator-block-size=16777216"
    "memorysetup-profiler-editor-allocator-block-size=1048576"
    "memorysetup-temp-allocator-size-main=16777216"
    "memorysetup-job-temp-allocator-block-size=2097152"
    "memorysetup-job-temp-allocator-block-size-background=1048576"
    "memorysetup-job-temp-allocator-reduction-small-platforms=262144"
    "memorysetup-temp-allocator-size-background-worker=32768"
    "memorysetup-temp-allocator-size-job-worker=262144"
    "memorysetup-temp-allocator-size-preload-manager=33554432"
    "memorysetup-temp-allocator-size-nav-mesh-worker=65536"
    "memorysetup-temp-allocator-size-audio-worker=65536"
    "memorysetup-temp-allocator-size-cloud-worker=32768"
    "memorysetup-temp-allocator-size-gi-baking-worker=262144"
    "memorysetup-temp-allocator-size-gfx=262144"
Refreshing native plugins compatible for Editor in 25.55 ms, found 0 plugins.
Preloading 0 native plugins for Editor in 0.00 ms.
Initialize engine version: 2021.3.9f1 (ad3870b89536)
[Subsystems] Discovering subsystems at path H:/Unity Editors/2021.3.9f1/Editor/Data/Resources/UnitySubsystems
[Subsystems] Discovering subsystems at path H:/Unity Projects/LightingBasics/Assets
GfxDevice: creating device client; threaded=0; jobified=0
Direct3D:
    Version:  Direct3D 11.0 [level 11.1]
    Renderer: NVIDIA GeForce RTX 3080 (ID=0x2216)
    Vendor:   NVIDIA
    VRAM:     10078 MB
    Driver:   31.0.15.1694
Initialize mono
Mono path[0] = 'H:/Unity Editors/2021.3.9f1/Editor/Data/Managed'
Mono path[1] = 'H:/Unity Editors/2021.3.9f1/Editor/Data/MonoBleedingEdge/lib/mono/unityjit-win32'
Mono config path = 'H:/Unity Editors/2021.3.9f1/Editor/Data/MonoBleedingEdge/etc'
Using monoOptions --debugger-agent=transport=dt_socket,embedding=1,server=y,suspend=n,address=127.0.0.1:56872
Begin MonoManager ReloadAssembly
Registering precompiled unity dll's ...
Register platform support module: H:/Unity Editors/2021.3.9f1/Editor/Data/PlaybackEngines/AndroidPlayer/UnityEditor.Android.Extensions.dll
Register platform support module: H:/Unity Editors/2021.3.9f1/Editor/Data/PlaybackEngines/WindowsStandaloneSupport/UnityEditor.WindowsStandalone.Extensions.dll
Registered in 0.003046 seconds.
Native extension for WindowsStandalone target not found
Native extension for Android target not found
Refreshing native plugins compatible for Editor in 28.32 ms, found 0 plugins.
Preloading 0 native plugins for Editor in 0.00 ms.
Mono: successfully reloaded assembly
- Completed reload, in  0.695 seconds
Domain Reload Profiling:
	ReloadAssembly (696ms)
		BeginReloadAssembly (46ms)
			ExecutionOrderSort (0ms)
			DisableScriptedObjects (0ms)
			BackupInstance (0ms)
			ReleaseScriptingObjects (0ms)
			CreateAndSetChildDomain (0ms)
		EndReloadAssembly (531ms)
			LoadAssemblies (46ms)
			RebuildTransferFunctionScriptingTraits (0ms)
			SetupTypeCache (120ms)
			ReleaseScriptCaches (0ms)
			RebuildScriptCaches (31ms)
			SetupLoadedEditorAssemblies (324ms)
				LogAssemblyErrors (0ms)
				InitializePlatformSupportModulesInManaged (69ms)
				SetLoadedEditorAssemblies (0ms)
				RefreshPlugins (28ms)
				BeforeProcessingInitializeOnLoad (2ms)
				ProcessInitializeOnLoadAttributes (155ms)
				ProcessInitializeOnLoadMethodAttributes (69ms)
				AfterProcessingInitializeOnLoad (0ms)
				EditorAssembliesLoaded (0ms)
			ExecutionOrderSort2 (0ms)
			AwakeInstancesAfterBackupRestoration (0ms)
Platform modules already initialized, skipping
Registering precompiled user dll's ...
Registered in 0.000392 seconds.
Begin MonoManager ReloadAssembly
Native extension for WindowsStandalone target not found
Native extension for Android target not found
Refreshing native plugins compatible for Editor in 0.26 ms, found 0 plugins.
Preloading 0 native plugins for Editor in 0.00 ms.
Mono: successfully reloaded assembly
- Completed reload, in  0.923 seconds
Domain Reload Profiling:
	ReloadAssembly (924ms)
		BeginReloadAssembly (204ms)
			ExecutionOrderSort (0ms)
			DisableScriptedObjects (7ms)
			BackupInstance (0ms)
			ReleaseScriptingObjects (0ms)
			CreateAndSetChildDomain (127ms)
		EndReloadAssembly (598ms)
			LoadAssemblies (43ms)
			RebuildTransferFunctionScriptingTraits (0ms)
			SetupTypeCache (131ms)
			ReleaseScriptCaches (0ms)
			RebuildScriptCaches (49ms)
			SetupLoadedEditorAssemblies (300ms)
				LogAssemblyErrors (0ms)
				InitializePlatformSupportModulesInManaged (32ms)
				SetLoadedEditorAssemblies (1ms)
				RefreshPlugins (0ms)
				BeforeProcessingInitializeOnLoad (52ms)
				ProcessInitializeOnLoadAttributes (183ms)
				ProcessInitializeOnLoadMethodAttributes (29ms)
				AfterProcessingInitializeOnLoad (3ms)
				EditorAssembliesLoaded (0ms)
			ExecutionOrderSort2 (0ms)
			AwakeInstancesAfterBackupRestoration (7ms)
Platform modules already initialized, skipping
========================================================================
Worker process is ready to serve import requests
Launched and connected shader compiler UnityShaderCompiler.exe after 0.05 seconds
Refreshing native plugins compatible for Editor in 0.18 ms, found 0 plugins.
Preloading 0 native plugins for Editor in 0.00 ms.
Unloading 809 Unused Serialized files (Serialized files now loaded: 0)
Unloading 24 unused Assets / (2.0 MB). Loaded Objects now: 1275.
Memory consumption went from 57.3 MB to 55.3 MB.
Total: 2.662200 ms (FindLiveObjects: 0.070800 ms CreateObjectMapping: 0.014200 ms MarkObjects: 2.181000 ms  DeleteObjects: 0.395400 ms)

AssetImportParameters requested are different than current active one (requested -> active):
  custom:video-decoder-ogg-theora: a1e56fd34408186e4bbccfd4996cb3dc -> 
  custom:container-muxer-webm: aa71ff27fc2769a1b78a27578f13a17b -> 
  custom:container-demuxer-webm: 4f35f7cbe854078d1ac9338744f61a02 -> 
  custom:video-encoder-webm-vp8: eb34c28f22e8b96e1ab97ce403110664 -> 
  custom:audio-encoder-webm-vorbis: bf7c407c2cedff20999df2af8eb42d56 -> 
  custom:framework-win-MediaFoundation: 216162199b28c13a410421893ffa2e32 -> 
  custom:container-demuxer-ogg: 62fdf1f143b41e24485cea50d1cbac27 -> 
  custom:video-decoder-webm-vp8: 9c59270c3fd7afecdb556c50c9e8de78 -> 
  custom:audio-decoder-ogg-vorbis: bf7c407c2cedff20999df2af8eb42d56 -> 
========================================================================
Received Import Request.
  Time since last request: 100073.011690 seconds.
  path: Assets/Prefabs/SciFiCorridor/Misc/Keylight.prefab
  artifactKey: Guid(bb82bd843e6134283bc8054c9d4acdb6) Importer(2089858483,0ecaa5967403d082aa24f35e1b516d23)
Start importing Assets/Prefabs/SciFiCorridor/Misc/Keylight.prefab using Guid(bb82bd843e6134283bc8054c9d4acdb6) Importer(2089858483,0ecaa5967403d082aa24f35e1b516d23) Generated GUIDs only implemented for interfaces!
 -> (artifact id: 'cc82fbfb28fbecbd2a12790cfbcf0988') in 0.149674 seconds 
========================================================================
Received Import Request.
  Time since last request: 0.000025 seconds.
  path: Assets/Models/Sci-Fi Vehicles/Vehicle_1/Textures/Cannon_1_AO.png
  artifactKey: Guid(8abcdbbf3f5612247895de11ffd7d1b7) Importer(2089858483,0ecaa5967403d082aa24f35e1b516d23)
Start importing Assets/Models/Sci-Fi Vehicles/Vehicle_1/Textures/Cannon_1_AO.png using Guid(8abcdbbf3f5612247895de11ffd7d1b7) Importer(2089858483,0ecaa5967403d082aa24f35e1b516d23) Generated GUIDs only implemented for interfaces!
 -> (artifact id: '139cc2abf4b72198e1fbd16a72879efb') in 0.053390 seconds 
========================================================================
Received Import Request.
  Time since last request: 0.000028 seconds.
  path: Assets/Standard Assets/CrossPlatformInput/Sprites/SliderBackgroundSprite.png
  artifactKey: Guid(ea5873cfd9158664f89459f0c9e1d853) Importer(2089858483,0ecaa5967403d082aa24f35e1b516d23)
Start importing Assets/Standard Assets/CrossPlatformInput/Sprites/SliderBackgroundSprite.png using Guid(ea5873cfd9158664f89459f0c9e1d853) Importer(2089858483,0ecaa5967403d082aa24f35e1b516d23) Generated GUIDs only implemented for interfaces!
 -> (artifact id: 'c03da0c4befb5e68f5029a46159ee8d7') in 0.021060 seconds 
========================================================================
Received Import Request.
  Time since last request: 0.000017 seconds.
  path: Assets/Models/Sci-Fi Vehicles/Vehicle_1/Textures/Wheels_1_S.png
  artifactKey: Guid(091c44dc03abf5f4c96a0cf1ce0348be) Importer(2089858483,0ecaa5967403d082aa24f35e1b516d23)
Start importing Assets/Models/Sci-Fi Vehicles/Vehicle_1/Textures/Wheels_1_S.png using Guid(091c44dc03abf5f4c96a0cf1ce0348be) Importer(2089858483,0ecaa5967403d082aa24f35e1b516d23) Generated GUIDs only implemented for interfaces!
 -> (artifact id: '46ac5356ab6ff41d1a946a18badc4702') in 0.020522 seconds 
========================================================================
Received Import Request.
  Time since last request: 0.000021 seconds.
  path: Assets/Standard Assets/Prototyping/Models/JoinMidPrototype04x06x01.fbx
  artifactKey: Guid(40384240c1c82b94db82531689571ab0) Importer(2089858483,0ecaa5967403d082aa24f35e1b516d23)
Start importing Assets/Standard Assets/Prototyping/Models/JoinMidPrototype04x06x01.fbx using Guid(40384240c1c82b94db82531689571ab0) Importer(2089858483,0ecaa5967403d082aa24f35e1b516d23) Generated GUIDs only implemented for interfaces!
 -> (artifact id: '774a976ca2d0017fe9a99eff311ad769') in 0.039823 seconds 
========================================================================
Received Import Request.
  Time since last request: 0.000020 seconds.
  path: Assets/Models/Sci-Fi Vehicles/Vehicle_1/Materials/Wheels_1_D.mat
  artifactKey: Guid(a9f4db442e5daed4f844c97fb8feddff) Importer(2089858483,0ecaa5967403d082aa24f35e1b516d23)
Start importing Assets/Models/Sci-Fi Vehicles/Vehicle_1/Materials/Wheels_1_D.mat using Guid(a9f4db442e5daed4f844c97fb8feddff) Importer(2089858483,0ecaa5967403d082aa24f35e1b516d23) Generated GUIDs only implemented for interfaces!
 -> (artifact id: '2fb0d47b42520bf2bf039de2421c1fbf') in 0.078303 seconds 
========================================================================
Received Import Request.
  Time since last request: 0.000019 seconds.
  path: Assets/Standard Assets/Editor/CrossPlatformInput/CrossPlatformInputInitialize.cs
  artifactKey: Guid(db7667203062c644ea1877077e30ebd6) Importer(2089858483,0ecaa5967403d082aa24f35e1b516d23)
Start importing Assets/Standard Assets/Editor/CrossPlatformInput/CrossPlatformInputInitialize.cs using Guid(db7667203062c644ea1877077e30ebd6) Importer(2089858483,0ecaa5967403d082aa24f35e1b516d23) Generated GUIDs only implemented for interfaces!
 -> (artifact id: '4fbe54d0053b3a2002f1d7eba2589517') in 0.012237 seconds 
========================================================================
Received Import Request.
  Time since last request: 0.000020 seconds.
  path: Assets/Standard Assets/Prototyping/Models/JoinInnerPrototype01x06x01.fbx
  artifactKey: Guid(f45b6695d6226cd48abfc605723cc3ae) Importer(2089858483,0ecaa5967403d082aa24f35e1b516d23)
Start importing Assets/Standard Assets/Prototyping/Models/JoinInnerPrototype01x06x01.fbx using Guid(f45b6695d6226cd48abfc605723cc3ae) Importer(2089858483,0ecaa5967403d082aa24f35e1b516d23) Generated GUIDs only implemented for interfaces!
 -> (artifact id: '7a83feaab8e95a88ed7297ca1e63ac2a') in 0.025424 seconds 
========================================================================
Received Import Request.
  Time since last request: 0.000021 seconds.
  path: Assets/Models/Sci-Fi Vehicles/Vehicle_1/Materials/Cannon_1_D.mat
  artifactKey: Guid(09acc8aa0895cc647b4c403043313175) Importer(2089858483,0ecaa5967403d082aa24f35e1b516d23)
Start importing Assets/Models/Sci-Fi Vehicles/Vehicle_1/Materials/Cannon_1_D.mat using Guid(09acc8aa0895cc647b4c403043313175) Importer(2089858483,0ecaa5967403d082aa24f35e1b516d23) Generated GUIDs only implemented for interfaces!
 -> (artifact id: '95edc4fc6d3651d320c27c95295277b2') in 0.021249 seconds 
========================================================================
Received Import Request.
  Time since last request: 0.000024 seconds.
  path: Assets/Standard Assets/Prototyping/Materials/PinkSmooth.mat
  artifactKey: Guid(fed4e78bda2b3de45954637fee164b8c) Importer(2089858483,0ecaa5967403d082aa24f35e1b516d23)
Start importing Assets/Standard Assets/Prototyping/Materials/PinkSmooth.mat using Guid(fed4e78bda2b3de45954637fee164b8c) Importer(2089858483,0ecaa5967403d082aa24f35e1b516d23) Generated GUIDs only implemented for interfaces!
 -> (artifact id: 'ac96ebd0da04725b0d9c746cfb23c0d3') in 0.012263 seconds 
========================================================================
Received Import Request.
  Time since last request: 0.000041 seconds.
  path: Assets/Standard Assets/Prototyping/Models/HousePrototype16x16x24.fbx
  artifactKey: Guid(ce7348d724aa0fc44aaf53391b9bae9b) Importer(2089858483,0ecaa5967403d082aa24f35e1b516d23)
Start importing Assets/Standard Assets/Prototyping/Models/HousePrototype16x16x24.fbx using Guid(ce7348d724aa0fc44aaf53391b9bae9b) Importer(2089858483,0ecaa5967403d082aa24f35e1b516d23) Generated GUIDs only implemented for interfaces!
 -> (artifact id: 'e71611e4973136a97ee1b7c87c133a25') in 0.022297 seconds 
========================================================================
Received Import Request.
  Time since last request: 0.000025 seconds.
  path: Assets/Standard Assets/Prototyping/Textures/GridEmissive.png
  artifactKey: Guid(a196fd6788131ec459bfb26012466fc1) Importer(2089858483,0ecaa5967403d082aa24f35e1b516d23)
Start importing Assets/Standard Assets/Prototyping/Textures/GridEmissive.png using Guid(a196fd6788131ec459bfb26012466fc1) Importer(2089858483,0ecaa5967403d082aa24f35e1b516d23) Generated GUIDs only implemented for interfaces!
 -> (artifact id: '42b9d2508aa6f6208017b04095881d6a') in 0.020044 seconds 
========================================================================
Received Import Request.
  Time since last request: 0.000022 seconds.
  path: Assets/Standard Assets/Prototyping/Prefabs/StepsPrototype04x02x02.prefab
  artifactKey: Guid(d85d3a32fb6157d488e31edf82b7b1c4) Importer(2089858483,0ecaa5967403d082aa24f35e1b516d23)
Start importing Assets/Standard Assets/Prototyping/Prefabs/StepsPrototype04x02x02.prefab using Guid(d85d3a32fb6157d488e31edf82b7b1c4) Importer(2089858483,0ecaa5967403d082aa24f35e1b516d23) Generated GUIDs only implemented for interfaces!
 -> (artifact id: '75bc47e3593ae6131f2fe2b315861934') in 0.013068 seconds 
========================================================================
Received Import Request.
  Time since last request: 0.000018 seconds.
  path: Assets/Models/Sci-Fi Vehicles/Vehicle_1/Textures/Cannon_1_E.png
  artifactKey: Guid(073cf93cea5a7cd498e200723566da3f) Importer(2089858483,0ecaa5967403d082aa24f35e1b516d23)
Start importing Assets/Models/Sci-Fi Vehicles/Vehicle_1/Textures/Cannon_1_E.png using Guid(073cf93cea5a7cd498e200723566da3f) Importer(2089858483,0ecaa5967403d082aa24f35e1b516d23) Generated GUIDs only implemented for interfaces!
 -> (artifact id: '960752cd9e9e48a4b6a6d08ab0832fe0') in 0.018932 seconds 
========================================================================
Received Import Request.
  Time since last request: 0.003043 seconds.
  path: Assets/Standard Assets/Prototyping/Textures/SwatchWhiteAlbedo.png
  artifactKey: Guid(9d0b29cecf2678b41982d2173d3670ff) Importer(2089858483,0ecaa5967403d082aa24f35e1b516d23)
Start importing Assets/Standard Assets/Prototyping/Textures/SwatchWhiteAlbedo.png using Guid(9d0b29cecf2678b41982d2173d3670ff) Importer(2089858483,0ecaa5967403d082aa24f35e1b516d23) Generated GUIDs only implemented for interfaces!
 -> (artifact id: '8eb003e8d7d10d82a50c5b6004d4fe8e') in 0.020767 seconds 
========================================================================
Received Import Request.
  Time since last request: 0.000016 seconds.
  path: Assets/Models/MayanTemple/Standard/arch.fbx
  artifactKey: Guid(71e1846390788482d8d680f13cf0ed99) Importer(2089858483,0ecaa5967403d082aa24f35e1b516d23)
Start importing Assets/Models/MayanTemple/Standard/arch.fbx using Guid(71e1846390788482d8d680f13cf0ed99) Importer(2089858483,0ecaa5967403d082aa24f35e1b516d23) Generated GUIDs only implemented for interfaces!
 -> (artifact id: '3ea9cb7ec8f74e0f536e3b62d294a5ca') in 0.023581 seconds 
========================================================================
Received Import Request.
  Time since last request: 0.000027 seconds.
  path: Assets/Models/MayanTemple/Standard/floor_02_plane.fbx
  artifactKey: Guid(0d41da480d8664845b9166dacecd69ac) Importer(2089858483,0ecaa5967403d082aa24f35e1b516d23)
Start importing Assets/Models/MayanTemple/Standard/floor_02_plane.fbx using Guid(0d41da480d8664845b9166dacecd69ac) Importer(2089858483,0ecaa5967403d082aa24f35e1b516d23) Generated GUIDs only implemented for interfaces!
 -> (artifact id: '5d35a2c6f31acc81a53e1d6446b9ac08') in 0.025023 seconds 
========================================================================
Received Import Request.
  Time since last request: 0.001033 seconds.
  path: Assets/Prefabs/SciFiCorridor/Misc/Emissives.prefab
  artifactKey: Guid(865374fdd1e5746b097e6893bb566551) Importer(2089858483,0ecaa5967403d082aa24f35e1b516d23)
Start importing Assets/Prefabs/SciFiCorridor/Misc/Emissives.prefab using Guid(865374fdd1e5746b097e6893bb566551) Importer(2089858483,0ecaa5967403d082aa24f35e1b516d23) Generated GUIDs only implemented for interfaces!
 -> (artifact id: '0c1f168175ac57f12ecb7671cb5b9119') in 0.007976 seconds 
========================================================================
Received Import Request.
  Time since last request: 0.000021 seconds.
  path: Assets/Models/SciFiCorridor/Hallways/HallwayStraightDressed.fbx
  artifactKey: Guid(ecf8f2390bc8bb04cb4492608fb11d65) Importer(2089858483,0ecaa5967403d082aa24f35e1b516d23)
Start importing Assets/Models/SciFiCorridor/Hallways/HallwayStraightDressed.fbx using Guid(ecf8f2390bc8bb04cb4492608fb11d65) Importer(2089858483,0ecaa5967403d082aa24f35e1b516d23) Generated GUIDs only implemented for interfaces!
 -> (artifact id: 'c776f08e9de2e2b463b42d1908b8d7af') in 0.023543 seconds 
========================================================================
Received Import Request.
  Time since last request: 0.000019 seconds.
  path: Assets/Materials/SkyBox/Complete/SkyBoxProceduralMatComplete.mat
  artifactKey: Guid(0e1eadf494da84360b36f4b4c2c04f7f) Importer(2089858483,0ecaa5967403d082aa24f35e1b516d23)
Start importing Assets/Materials/SkyBox/Complete/SkyBoxProceduralMatComplete.mat using Guid(0e1eadf494da84360b36f4b4c2c04f7f) Importer(2089858483,0ecaa5967403d082aa24f35e1b516d23) Generated GUIDs only implemented for interfaces!
 -> (artifact id: '9dd5196a9d5e71b5464d85a818914492') in 0.009374 seconds 
========================================================================
Received Import Request.
  Time since last request: 0.000018 seconds.
  path: Assets/Standard Assets/Cameras/Scripts/LookatTarget.cs
  artifactKey: Guid(f2ec2b96de5640e42a622fc3064f1c80) Importer(2089858483,0ecaa5967403d082aa24f35e1b516d23)
Start importing Assets/Standard Assets/Cameras/Scripts/LookatTarget.cs using Guid(f2ec2b96de5640e42a622fc3064f1c80) Importer(2089858483,0ecaa5967403d082aa24f35e1b516d23) Generated GUIDs only implemented for interfaces!
 -> (artifact id: '83287455a1072723a6d26fdb0d7acf87') in 0.006738 seconds 
========================================================================
Received Import Request.
  Time since last request: 0.000021 seconds.
  path: Assets/Scenes/Start/GlobalIllumination/EnvironmentLightingStart/Lightmap-0_comp_light.exr
  artifactKey: Guid(5feddb41a28374205806702894a247d1) Importer(2089858483,0ecaa5967403d082aa24f35e1b516d23)
Start importing Assets/Scenes/Start/GlobalIllumination/EnvironmentLightingStart/Lightmap-0_comp_light.exr using Guid(5feddb41a28374205806702894a247d1) Importer(2089858483,0ecaa5967403d082aa24f35e1b516d23) Generated GUIDs only implemented for interfaces!
 -> (artifact id: '857bef86506cdcf426d5ed2a69ebc9e3') in 0.019683 seconds 
========================================================================
Received Import Request.
  Time since last request: 0.000037 seconds.
  path: Assets/Scenes/Start/SciFiCorridor/LightBlockingStart/Lightmap-0_comp_light.exr
  artifactKey: Guid(a5700b21b056245d3a2f71c0d7bdeaa6) Importer(2089858483,0ecaa5967403d082aa24f35e1b516d23)
Start importing Assets/Scenes/Start/SciFiCorridor/LightBlockingStart/Lightmap-0_comp_light.exr using Guid(a5700b21b056245d3a2f71c0d7bdeaa6) Importer(2089858483,0ecaa5967403d082aa24f35e1b516d23) Generated GUIDs only implemented for interfaces!
 -> (artifact id: '674f9c13231b1671cd04c27023d58658') in 0.018409 seconds 
========================================================================
Received Import Request.
  Time since last request: 0.000021 seconds.
  path: Assets/Scenes/Start/SciFiCorridor/ReflectionProbesStart/Lightmap-0_comp_dir.png
  artifactKey: Guid(e720a431619c3144eb8ec945ed84fbf9) Importer(2089858483,0ecaa5967403d082aa24f35e1b516d23)
Start importing Assets/Scenes/Start/SciFiCorridor/ReflectionProbesStart/Lightmap-0_comp_dir.png using Guid(e720a431619c3144eb8ec945ed84fbf9) Importer(2089858483,0ecaa5967403d082aa24f35e1b516d23) Generated GUIDs only implemented for interfaces!
 -> (artifact id: 'ca3afe7bcee927fcd5ff079ec69935b3') in 0.023708 seconds 
========================================================================
Received Import Request.
  Time since last request: 0.000018 seconds.
  path: Assets/Scenes/Start/SciFiCorridor/MixedModeStart/ReflectionProbe-0.exr
  artifactKey: Guid(c8c9ddf9316abd64280db317e9144c2b) Importer(2089858483,0ecaa5967403d082aa24f35e1b516d23)
Start importing Assets/Scenes/Start/SciFiCorridor/MixedModeStart/ReflectionProbe-0.exr using Guid(c8c9ddf9316abd64280db317e9144c2b) Importer(2089858483,0ecaa5967403d082aa24f35e1b516d23) Generated GUIDs only implemented for interfaces!
 -> (artifact id: 'dcdb169ce9479d050e093dabb70ec2c7') in 0.024737 seconds 
========================================================================
Received Import Request.
  Time since last request: 0.000017 seconds.
  path: Assets/Scenes/Start/SciFiCorridor/PostProcessingStart/LightingData.asset
  artifactKey: Guid(e9e493f4380c44a9582b03d2fb94b07c) Importer(2089858483,0ecaa5967403d082aa24f35e1b516d23)
Start importing Assets/Scenes/Start/SciFiCorridor/PostProcessingStart/LightingData.asset using Guid(e9e493f4380c44a9582b03d2fb94b07c) Importer(2089858483,0ecaa5967403d082aa24f35e1b516d23) Generated GUIDs only implemented for interfaces!
 -> (artifact id: 'ed066b3f8e38db96b34283fd19fae7c5') in 0.008575 seconds 
========================================================================
Received Import Request.
  Time since last request: 0.000019 seconds.
  path: Assets/Scenes/Start/SciFiCorridor/LightProbesStart/Lightmap-3_comp_dir.png
  artifactKey: Guid(b05f18bab20ef794680678beb2721a1e) Importer(2089858483,0ecaa5967403d082aa24f35e1b516d23)
Start importing Assets/Scenes/Start/SciFiCorridor/LightProbesStart/Lightmap-3_comp_dir.png using Guid(b05f18bab20ef794680678beb2721a1e) Importer(2089858483,0ecaa5967403d082aa24f35e1b516d23) Generated GUIDs only implemented for interfaces!
 -> (artifact id: '103d09a87f21c23adee980ded06529aa') in 0.019965 seconds 
========================================================================
Received Import Request.
  Time since last request: 0.000018 seconds.
  path: Assets/Scenes/_CompletedScenes/GlobalIllumination/BakedGIComplete/Lightmap-4_comp_light.exr
  artifactKey: Guid(ad016396eeb3f4a93974df8301e03285) Importer(2089858483,0ecaa5967403d082aa24f35e1b516d23)
Start importing Assets/Scenes/_CompletedScenes/GlobalIllumination/BakedGIComplete/Lightmap-4_comp_light.exr using Guid(ad016396eeb3f4a93974df8301e03285) Importer(2089858483,0ecaa5967403d082aa24f35e1b516d23) Generated GUIDs only implemented for interfaces!
 -> (artifact id: '3ce0b0d7e9e86fd04067423800c570dc') in 0.020035 seconds 
========================================================================
Received Import Request.
  Time since last request: 0.000024 seconds.
  path: Assets/Scenes/Start/SciFiCorridor/LightProbesStart/Lightmap-1_comp_light.exr
  artifactKey: Guid(54ac2fe5e8bcd9d4bb17870c28b6b71e) Importer(2089858483,0ecaa5967403d082aa24f35e1b516d23)
Start importing Assets/Scenes/Start/SciFiCorridor/LightProbesStart/Lightmap-1_comp_light.exr using Guid(54ac2fe5e8bcd9d4bb17870c28b6b71e) Importer(2089858483,0ecaa5967403d082aa24f35e1b516d23) Generated GUIDs only implemented for interfaces!
 -> (artifact id: '7d68ef708c93ff135fffb300b77b85c1') in 0.026506 seconds 
========================================================================
Received Import Request.
  Time since last request: 0.000020 seconds.
  path: Assets/Scenes/Start/SciFiCorridor/AreaLightStart/Lightmap-0_comp_light.exr
  artifactKey: Guid(2e59eb7ddbb044a89aef0fc6e60dda8d) Importer(2089858483,0ecaa5967403d082aa24f35e1b516d23)
Start importing Assets/Scenes/Start/SciFiCorridor/AreaLightStart/Lightmap-0_comp_light.exr using Guid(2e59eb7ddbb044a89aef0fc6e60dda8d) Importer(2089858483,0ecaa5967403d082aa24f35e1b516d23) Generated GUIDs only implemented for interfaces!
 -> (artifact id: 'be5d4366415ebc1742214d792e49bf6b') in 0.016753 seconds 
========================================================================
Received Import Request.
  Time since last request: 0.000031 seconds.
  path: Assets/Scenes/Start/SciFiCorridor/LightProbesStart/Lightmap-2_comp_dir.png
  artifactKey: Guid(a017b5bc1222df1448b7f39f77fbc146) Importer(2089858483,0ecaa5967403d082aa24f35e1b516d23)
Start importing Assets/Scenes/Start/SciFiCorridor/LightProbesStart/Lightmap-2_comp_dir.png using Guid(a017b5bc1222df1448b7f39f77fbc146) Importer(2089858483,0ecaa5967403d082aa24f35e1b516d23) Generated GUIDs only implemented for interfaces!
 -> (artifact id: '69a638733ae0a99ee48e6a111680f97c') in 0.023058 seconds 
========================================================================
Received Import Request.
  Time since last request: 0.000019 seconds.
  path: Assets/Scenes/Start/SciFiCorridor/ScreenSpaceReflectionsStart/Lightmap-2_comp_dir.png
  artifactKey: Guid(ab7a0f589ccbf0e4ab78f99ff46cbb45) Importer(2089858483,0ecaa5967403d082aa24f35e1b516d23)
Start importing Assets/Scenes/Start/SciFiCorridor/ScreenSpaceReflectionsStart/Lightmap-2_comp_dir.png using Guid(ab7a0f589ccbf0e4ab78f99ff46cbb45) Importer(2089858483,0ecaa5967403d082aa24f35e1b516d23) Generated GUIDs only implemented for interfaces!
 -> (artifact id: 'beb3cfa51ad938690bf6d8a2f941504b') in 0.021385 seconds 
========================================================================
Received Import Request.
  Time since last request: 0.000129 seconds.
  path: Assets/Scenes/Start/SciFiCorridor/LightProbesStart/ReflectionProbe-0.exr
  artifactKey: Guid(cca752e710df6484a8283f1c023fe165) Importer(2089858483,0ecaa5967403d082aa24f35e1b516d23)
Start importing Assets/Scenes/Start/SciFiCorridor/LightProbesStart/ReflectionProbe-0.exr using Guid(cca752e710df6484a8283f1c023fe165) Importer(2089858483,0ecaa5967403d082aa24f35e1b516d23) Generated GUIDs only implemented for interfaces!
 -> (artifact id: 'ac116d5fefead0134973cbb4ef166dbb') in 0.015637 seconds 
========================================================================
Received Import Request.
  Time since last request: 0.000018 seconds.
  path: Assets/Scenes/Start/SciFiCorridor/FPSCameraStart/LightingData.asset
  artifactKey: Guid(084838feaa6b46f4685449ecf3bbbde6) Importer(2089858483,0ecaa5967403d082aa24f35e1b516d23)
Start importing Assets/Scenes/Start/SciFiCorridor/FPSCameraStart/LightingData.asset using Guid(084838feaa6b46f4685449ecf3bbbde6) Importer(2089858483,0ecaa5967403d082aa24f35e1b516d23) Generated GUIDs only implemented for interfaces!
 -> (artifact id: '0c8f5cf26274ce661735b10d53846ab3') in 0.006759 seconds 
========================================================================
Received Import Request.
  Time since last request: 0.000017 seconds.
  path: Assets/Scenes/_CompletedScenes/GlobalIllumination/BakedGIComplete/Lightmap-2_comp_light.exr
  artifactKey: Guid(9ab2ce037bd9b4d07b1f01451577e1df) Importer(2089858483,0ecaa5967403d082aa24f35e1b516d23)
Start importing Assets/Scenes/_CompletedScenes/GlobalIllumination/BakedGIComplete/Lightmap-2_comp_light.exr using Guid(9ab2ce037bd9b4d07b1f01451577e1df) Importer(2089858483,0ecaa5967403d082aa24f35e1b516d23) Generated GUIDs only implemented for interfaces!
 -> (artifact id: '1df28d11b75434b7fc6792248adb7b6c') in 0.017844 seconds 
========================================================================
Received Import Request.
  Time since last request: 0.000025 seconds.
  path: Assets/Scenes/Start/GlobalIllumination/BakedGIStart/LightingData.asset
  artifactKey: Guid(6482c8006d7464a759db7f7c0927ec03) Importer(2089858483,0ecaa5967403d082aa24f35e1b516d23)
Start importing Assets/Scenes/Start/GlobalIllumination/BakedGIStart/LightingData.asset using Guid(6482c8006d7464a759db7f7c0927ec03) Importer(2089858483,0ecaa5967403d082aa24f35e1b516d23) Lighting data asset ‘LightingData’ is inconsistent because 4 files out of 20 are missing. Please use Generate Lighting to rebuild the lighting data.
UnityEngine.StackTraceUtility:ExtractStackTrace ()
UnityEditor.Search.AssetIndexer:IndexProperties (int&,string&,bool&)
UnityEditor.Search.AssetIndexer:IndexDocument (string,bool)
UnityEditor.Search.SearchIndexEntryImporter:OnImportAsset (UnityEditor.AssetImporters.AssetImportContext)
UnityEditor.AssetImporters.ScriptedImporter:GenerateAssetData (UnityEditor.AssetImporters.AssetImportContext)

[C:\buildslave\unity\build\Editor\Src\GI\Enlighten\LightingDataAsset.cpp line 365]

Generated GUIDs only implemented for interfaces!
 -> (artifact id: '76894c1a798153be7c95aa2f2dd6bdf7') in 0.013716 seconds 
========================================================================
Received Import Request.
  Time since last request: 0.000018 seconds.
  path: Assets/Scenes/Start/SciFiCorridor/ScreenSpaceReflectionsStart/Lightmap-2_comp_light.exr
  artifactKey: Guid(8bcd45e49aa0faf4fac790f0bbd1503c) Importer(2089858483,0ecaa5967403d082aa24f35e1b516d23)
Start importing Assets/Scenes/Start/SciFiCorridor/ScreenSpaceReflectionsStart/Lightmap-2_comp_light.exr using Guid(8bcd45e49aa0faf4fac790f0bbd1503c) Importer(2089858483,0ecaa5967403d082aa24f35e1b516d23) Generated GUIDs only implemented for interfaces!
 -> (artifact id: '4a2902bc918ab9d3e0c622c281e743c3') in 0.035634 seconds 
========================================================================
Received Import Request.
  Time since last request: 0.000022 seconds.
  path: Assets/Scenes/_CompletedScenes/GlobalIllumination/ImageBasedLightingComplete/Lightmap-0_comp_light.exr
  artifactKey: Guid(cdcfa09c8225542f0b0f97b64b6ec379) Importer(2089858483,0ecaa5967403d082aa24f35e1b516d23)
Start importing Assets/Scenes/_CompletedScenes/GlobalIllumination/ImageBasedLightingComplete/Lightmap-0_comp_light.exr using Guid(cdcfa09c8225542f0b0f97b64b6ec379) Importer(2089858483,0ecaa5967403d082aa24f35e1b516d23) Generated GUIDs only implemented for interfaces!
 -> (artifact id: 'cffbd21c029724cca45a1c6ab4da7f78') in 0.021716 seconds 
========================================================================
Received Import Request.
  Time since last request: 0.000017 seconds.
  path: Assets/Scenes/Start/SciFiCorridor/PostProcessingV2Start/ReflectionProbe-0.exr
  artifactKey: Guid(7ae3ffc1db22d0941a00fc95f72f5c35) Importer(2089858483,0ecaa5967403d082aa24f35e1b516d23)
Start importing Assets/Scenes/Start/SciFiCorridor/PostProcessingV2Start/ReflectionProbe-0.exr using Guid(7ae3ffc1db22d0941a00fc95f72f5c35) Importer(2089858483,0ecaa5967403d082aa24f35e1b516d23) Generated GUIDs only implemented for interfaces!
 -> (artifact id: '896459bb753f2b2937791a221e2b7e6d') in 0.019849 seconds 
========================================================================
Received Import Request.
  Time since last request: 0.000019 seconds.
  path: Assets/Scenes/Start/SciFiCorridor/LightProbesStart/Lightmap-6_comp_dir.png
  artifactKey: Guid(366679b6ae99a5e4baf7ee6860a71cd2) Importer(2089858483,0ecaa5967403d082aa24f35e1b516d23)
Start importing Assets/Scenes/Start/SciFiCorridor/LightProbesStart/Lightmap-6_comp_dir.png using Guid(366679b6ae99a5e4baf7ee6860a71cd2) Importer(2089858483,0ecaa5967403d082aa24f35e1b516d23) Generated GUIDs only implemented for interfaces!
 -> (artifact id: 'ac1c83f72db0125a602580a775fee72a') in 0.017640 seconds 
========================================================================
Received Import Request.
  Time since last request: 0.000021 seconds.
  path: Assets/Scenes/Start/SciFiCorridor/FPSCameraStart/Lightmap-2_comp_light.exr
  artifactKey: Guid(3e83565a31b60054caa997de7b88e4b7) Importer(2089858483,0ecaa5967403d082aa24f35e1b516d23)
Start importing Assets/Scenes/Start/SciFiCorridor/FPSCameraStart/Lightmap-2_comp_light.exr using Guid(3e83565a31b60054caa997de7b88e4b7) Importer(2089858483,0ecaa5967403d082aa24f35e1b516d23) Generated GUIDs only implemented for interfaces!
 -> (artifact id: '46dde3d315d77b10c0b231c1b5e11a47') in 0.016607 seconds 
========================================================================
Received Import Request.
  Time since last request: 0.000021 seconds.
  path: Assets/Scenes/Start/SciFiCorridor/EmissiveMaterialsStart/Lightmap-0_comp_dir.png
  artifactKey: Guid(6abb84df42cfc4376970deab223edfd0) Importer(2089858483,0ecaa5967403d082aa24f35e1b516d23)
Start importing Assets/Scenes/Start/SciFiCorridor/EmissiveMaterialsStart/Lightmap-0_comp_dir.png using Guid(6abb84df42cfc4376970deab223edfd0) Importer(2089858483,0ecaa5967403d082aa24f35e1b516d23) Generated GUIDs only implemented for interfaces!
 -> (artifact id: 'adaca8530e91d6ec0eed12202d8d4f27') in 0.018309 seconds 
========================================================================
Received Import Request.
  Time since last request: 0.000022 seconds.
  path: Assets/Scenes/Start/SciFiCorridor/ReflectionProbesStart/LightingData.asset
  artifactKey: Guid(ec07f141b82e02143aaa41a0bc860ab1) Importer(2089858483,0ecaa5967403d082aa24f35e1b516d23)
Start importing Assets/Scenes/Start/SciFiCorridor/ReflectionProbesStart/LightingData.asset using Guid(ec07f141b82e02143aaa41a0bc860ab1) Importer(2089858483,0ecaa5967403d082aa24f35e1b516d23) Generated GUIDs only implemented for interfaces!
 -> (artifact id: '33af5cf82b04a3c389b30a67dad90aeb') in 0.006535 seconds 
========================================================================
Received Import Request.
  Time since last request: 0.000022 seconds.
  path: Assets/Scenes/_CompletedScenes/GlobalIllumination/BakedGIComplete/Lightmap-5_comp_light.exr
  artifactKey: Guid(852c63a4995814709917896942ece6bd) Importer(2089858483,0ecaa5967403d082aa24f35e1b516d23)
Start importing Assets/Scenes/_CompletedScenes/GlobalIllumination/BakedGIComplete/Lightmap-5_comp_light.exr using Guid(852c63a4995814709917896942ece6bd) Importer(2089858483,0ecaa5967403d082aa24f35e1b516d23) Generated GUIDs only implemented for interfaces!
 -> (artifact id: '7b5c0a166c38e0e0011320ba78e1ad49') in 0.015704 seconds 
========================================================================
Received Import Request.
  Time since last request: 0.000019 seconds.
  path: Assets/Scenes/Start/DirectLighting/DirectionalLightStart/ReflectionProbe-0.exr
  artifactKey: Guid(f81f002aa528a1f42821c7057e9dc917) Importer(2089858483,0ecaa5967403d082aa24f35e1b516d23)
Start importing Assets/Scenes/Start/DirectLighting/DirectionalLightStart/ReflectionProbe-0.exr using Guid(f81f002aa528a1f42821c7057e9dc917) Importer(2089858483,0ecaa5967403d082aa24f35e1b516d23) Generated GUIDs only implemented for interfaces!
 -> (artifact id: '0cfa05700ad8fefb7d3e2725e5027e30') in 0.017057 seconds 
========================================================================
Received Import Request.
  Time since last request: 0.000045 seconds.
  path: Assets/Scenes/Start/GlobalIllumination/ImageBasedLightingStart/ReflectionProbe-0.exr
  artifactKey: Guid(8b7feaa3301a33b42ba6db22a503b250) Importer(2089858483,0ecaa5967403d082aa24f35e1b516d23)
Start importing Assets/Scenes/Start/GlobalIllumination/ImageBasedLightingStart/ReflectionProbe-0.exr using Guid(8b7feaa3301a33b42ba6db22a503b250) Importer(2089858483,0ecaa5967403d082aa24f35e1b516d23) Generated GUIDs only implemented for interfaces!
 -> (artifact id: '00f35755b72c4487357eb459885ff183') in 0.016742 seconds 
========================================================================
Received Import Request.
  Time since last request: 0.000020 seconds.
  path: Assets/Standard Assets/Prototyping/Models/PillarPrototype02x08x02.fbx
  artifactKey: Guid(66a13889798137c498eae4b3acdafe19) Importer(2089858483,0ecaa5967403d082aa24f35e1b516d23)
Start importing Assets/Standard Assets/Prototyping/Models/PillarPrototype02x08x02.fbx using Guid(66a13889798137c498eae4b3acdafe19) Importer(2089858483,0ecaa5967403d082aa24f35e1b516d23) Generated GUIDs only implemented for interfaces!
 -> (artifact id: 'd8580751d3a5ad5fd2c39b333df92f38') in 0.016391 seconds 
========================================================================
Received Import Request.
  Time since last request: 0.000022 seconds.
  path: Assets/Scenes/_CompletedScenes/SciFiCorridor/ScreenSpaceReflectionsComplete/Lightmap-3_comp_light.exr
  artifactKey: Guid(c53869ede2d23544c96a402a4e108491) Importer(2089858483,0ecaa5967403d082aa24f35e1b516d23)
Start importing Assets/Scenes/_CompletedScenes/SciFiCorridor/ScreenSpaceReflectionsComplete/Lightmap-3_comp_light.exr using Guid(c53869ede2d23544c96a402a4e108491) Importer(2089858483,0ecaa5967403d082aa24f35e1b516d23) Generated GUIDs only implemented for interfaces!
 -> (artifact id: '964d83c30d7b10c9168461c734ba8402') in 0.014015 seconds 
========================================================================
Received Import Request.
  Time since last request: 0.000019 seconds.
  path: Assets/Scenes/_CompletedScenes/SciFiCorridor/MasksAndLayersComplete/Lightmap-2_comp_dir.png
  artifactKey: Guid(6204bff3062eacd4b98f09626bccf2f9) Importer(2089858483,0ecaa5967403d082aa24f35e1b516d23)
Start importing Assets/Scenes/_CompletedScenes/SciFiCorridor/MasksAndLayersComplete/Lightmap-2_comp_dir.png using Guid(6204bff3062eacd4b98f09626bccf2f9) Importer(2089858483,0ecaa5967403d082aa24f35e1b516d23) Generated GUIDs only implemented for interfaces!
 -> (artifact id: '567485ddbac8d9b876db7f4186b7afd7') in 0.022305 seconds 
========================================================================
Received Import Request.
  Time since last request: 0.000018 seconds.
  path: Assets/Scenes/_CompletedScenes/SciFiCorridor/ScreenSpaceReflections/Lightmap-2_comp_dir.png
  artifactKey: Guid(766366f991745e842b5511f8c27c169a) Importer(2089858483,0ecaa5967403d082aa24f35e1b516d23)
Start importing Assets/Scenes/_CompletedScenes/SciFiCorridor/ScreenSpaceReflections/Lightmap-2_comp_dir.png using Guid(766366f991745e842b5511f8c27c169a) Importer(2089858483,0ecaa5967403d082aa24f35e1b516d23) Generated GUIDs only implemented for interfaces!
 -> (artifact id: 'f2178ecc82219508da0c766a3bbc6ca7') in 0.020952 seconds 
========================================================================
Received Import Request.
  Time since last request: 0.003212 seconds.
  path: Assets/Standard Assets/Characters/FirstPersonCharacter/Prefabs/FPSController.prefab
  artifactKey: Guid(5e9e851c0e142814dac026a256ba2ac0) Importer(2089858483,0ecaa5967403d082aa24f35e1b516d23)
Start importing Assets/Standard Assets/Characters/FirstPersonCharacter/Prefabs/FPSController.prefab using Guid(5e9e851c0e142814dac026a256ba2ac0) Importer(2089858483,0ecaa5967403d082aa24f35e1b516d23) Generated GUIDs only implemented for interfaces!
 -> (artifact id: '0b0f2dd910e506a2d339d7abf3cba50c') in 0.034647 seconds 
========================================================================
Received Import Request.
  Time since last request: 0.002534 seconds.
  path: Assets/Scenes/_CompletedScenes/GlobalIllumination/ProgressiveLightmapperComplete/Lightmap-0_comp_light.exr
  artifactKey: Guid(04d0d8cad6465004e8aade34f58a439f) Importer(2089858483,0ecaa5967403d082aa24f35e1b516d23)
Start importing Assets/Scenes/_CompletedScenes/GlobalIllumination/ProgressiveLightmapperComplete/Lightmap-0_comp_light.exr using Guid(04d0d8cad6465004e8aade34f58a439f) Importer(2089858483,0ecaa5967403d082aa24f35e1b516d23) Generated GUIDs only implemented for interfaces!
 -> (artifact id: 'f0e56f521a31264c68e76ae6e7f8aa15') in 0.022417 seconds 
========================================================================
Received Import Request.
  Time since last request: 0.000018 seconds.
  path: Assets/Scenes/_CompletedScenes/SciFiCorridor/EmissiveMaterialsComplete/Lightmap-0_comp_light.exr
  artifactKey: Guid(c7a44c63a17b51a4daee100637b82f5a) Importer(2089858483,0ecaa5967403d082aa24f35e1b516d23)
Start importing Assets/Scenes/_CompletedScenes/SciFiCorridor/EmissiveMaterialsComplete/Lightmap-0_comp_light.exr using Guid(c7a44c63a17b51a4daee100637b82f5a) Importer(2089858483,0ecaa5967403d082aa24f35e1b516d23) Generated GUIDs only implemented for interfaces!
 -> (artifact id: 'd606befc6e242ca50e622dab31d81668') in 0.016786 seconds 
========================================================================
Received Import Request.
  Time since last request: 0.000025 seconds.
  path: Assets/Standard Assets/Characters/FirstPersonCharacter/Audio/Land.wav
  artifactKey: Guid(3b09d59f4499d45428baa7a21e954296) Importer(2089858483,0ecaa5967403d082aa24f35e1b516d23)
Start importing Assets/Standard Assets/Characters/FirstPersonCharacter/Audio/Land.wav using Guid(3b09d59f4499d45428baa7a21e954296) Importer(2089858483,0ecaa5967403d082aa24f35e1b516d23) Generated GUIDs only implemented for interfaces!
 -> (artifact id: 'dc11fd47a19b5bf22f7fa1621b1a7b71') in 0.056371 seconds 
========================================================================
Received Import Request.
  Time since last request: 0.003735 seconds.
  path: Assets/Scenes/_CompletedScenes/GlobalIllumination/RealtimeGIComplete/LightingData.asset
  artifactKey: Guid(365120b8c94bb4861878a3defa098a32) Importer(2089858483,0ecaa5967403d082aa24f35e1b516d23)
Start importing Assets/Scenes/_CompletedScenes/GlobalIllumination/RealtimeGIComplete/LightingData.asset using Guid(365120b8c94bb4861878a3defa098a32) Importer(2089858483,0ecaa5967403d082aa24f35e1b516d23) Lighting data asset ‘LightingData’ is inconsistent because 4 files out of 20 are missing. Please use Generate Lighting to rebuild the lighting data.
UnityEngine.StackTraceUtility:ExtractStackTrace ()
UnityEditor.Search.AssetIndexer:IndexProperties (int&,string&,bool&)
UnityEditor.Search.AssetIndexer:IndexDocument (string,bool)
UnityEditor.Search.SearchIndexEntryImporter:OnImportAsset (UnityEditor.AssetImporters.AssetImportContext)
UnityEditor.AssetImporters.ScriptedImporter:GenerateAssetData (UnityEditor.AssetImporters.AssetImportContext)

[C:\buildslave\unity\build\Editor\Src\GI\Enlighten\LightingDataAsset.cpp line 365]

Generated GUIDs only implemented for interfaces!
 -> (artifact id: '202550979ffb4eca691f1f278c1581a8') in 0.012588 seconds 
========================================================================
Received Import Request.
  Time since last request: 0.000016 seconds.
  path: Assets/Scenes/_CompletedScenes/SciFiCorridor/MixedMode/Lightmap-0_comp_light.exr
  artifactKey: Guid(b63942c69f57d0b4a8e300b9e66753d9) Importer(2089858483,0ecaa5967403d082aa24f35e1b516d23)
Start importing Assets/Scenes/_CompletedScenes/SciFiCorridor/MixedMode/Lightmap-0_comp_light.exr using Guid(b63942c69f57d0b4a8e300b9e66753d9) Importer(2089858483,0ecaa5967403d082aa24f35e1b516d23) Generated GUIDs only implemented for interfaces!
 -> (artifact id: '705c4783f6af02546ebb329f897b5f5c') in 0.025857 seconds 
========================================================================
Received Import Request.
  Time since last request: 0.000018 seconds.
  path: Assets/Scenes/_CompletedScenes/SciFiCorridor/MixedLightingComplete/Lightmap-2_comp_light.exr
  artifactKey: Guid(446b6ebaf367b6a42b467142721b8519) Importer(2089858483,0ecaa5967403d082aa24f35e1b516d23)
Start importing Assets/Scenes/_CompletedScenes/SciFiCorridor/MixedLightingComplete/Lightmap-2_comp_light.exr using Guid(446b6ebaf367b6a42b467142721b8519) Importer(2089858483,0ecaa5967403d082aa24f35e1b516d23) Generated GUIDs only implemented for interfaces!
 -> (artifact id: '7edce720f543b898118e20a02c9d34b4') in 0.019217 seconds 
========================================================================
Received Import Request.
  Time since last request: 0.000017 seconds.
  path: Assets/Scenes/_CompletedScenes/SciFiCorridor/MixedLightingComplete/Lightmap-5_comp_light.exr
  artifactKey: Guid(c720f522dfe778243a12ddaf0f424f1c) Importer(2089858483,0ecaa5967403d082aa24f35e1b516d23)
Start importing Assets/Scenes/_CompletedScenes/SciFiCorridor/MixedLightingComplete/Lightmap-5_comp_light.exr using Guid(c720f522dfe778243a12ddaf0f424f1c) Importer(2089858483,0ecaa5967403d082aa24f35e1b516d23) Generated GUIDs only implemented for interfaces!
 -> (artifact id: '8f7daa55570ba49f4375316e9d5cde0a') in 0.027552 seconds 
========================================================================
Received Import Request.
  Time since last request: 0.000019 seconds.
  path: Assets/Scenes/_CompletedScenes/SciFiCorridor/ScreenSpaceReflections/ReflectionProbe-0.exr
  artifactKey: Guid(408735a83eb619c4cb59cd146926d521) Importer(2089858483,0ecaa5967403d082aa24f35e1b516d23)
Start importing Assets/Scenes/_CompletedScenes/SciFiCorridor/ScreenSpaceReflections/ReflectionProbe-0.exr using Guid(408735a83eb619c4cb59cd146926d521) Importer(2089858483,0ecaa5967403d082aa24f35e1b516d23) Generated GUIDs only implemented for interfaces!
 -> (artifact id: 'f99caad75790d0195b97e03c86c147c0') in 0.015783 seconds 
========================================================================
Received Import Request.
  Time since last request: 0.000018 seconds.
  path: Assets/Scenes/_CompletedScenes/SciFiCorridor/ScreenSpaceReflectionsComplete/Lightmap-1_comp_shadowmask.png
  artifactKey: Guid(037cf057371f4df4db5ed229906b4bf3) Importer(2089858483,0ecaa5967403d082aa24f35e1b516d23)
Start importing Assets/Scenes/_CompletedScenes/SciFiCorridor/ScreenSpaceReflectionsComplete/Lightmap-1_comp_shadowmask.png using Guid(037cf057371f4df4db5ed229906b4bf3) Importer(2089858483,0ecaa5967403d082aa24f35e1b516d23) Generated GUIDs only implemented for interfaces!
 -> (artifact id: 'd2659273ab190ff5f4d8d7a9f3a7bce2') in 0.020551 seconds 
========================================================================
Received Import Request.
  Time since last request: 0.000020 seconds.
  path: Assets/Scenes/_CompletedScenes/SciFiCorridor/PostProcessVolumesComplete/Lightmap-1_comp_light.exr
  artifactKey: Guid(2581392d7e7f1b64aa6baa9f6d5b4e4b) Importer(2089858483,0ecaa5967403d082aa24f35e1b516d23)
Start importing Assets/Scenes/_CompletedScenes/SciFiCorridor/PostProcessVolumesComplete/Lightmap-1_comp_light.exr using Guid(2581392d7e7f1b64aa6baa9f6d5b4e4b) Importer(2089858483,0ecaa5967403d082aa24f35e1b516d23) Generated GUIDs only implemented for interfaces!
 -> (artifact id: '120864c277ba9aba119e6f2ce7486994') in 0.025540 seconds 
========================================================================
Received Import Request.
  Time since last request: 0.000020 seconds.
  path: Assets/Scenes/_CompletedScenes/SciFiCorridor/PostProcessVolumesComplete/Lightmap-1_comp_dir.png
  artifactKey: Guid(4b9dab14a70ff43428f7816569eac995) Importer(2089858483,0ecaa5967403d082aa24f35e1b516d23)
Start importing Assets/Scenes/_CompletedScenes/SciFiCorridor/PostProcessVolumesComplete/Lightmap-1_comp_dir.png using Guid(4b9dab14a70ff43428f7816569eac995) Importer(2089858483,0ecaa5967403d082aa24f35e1b516d23) Generated GUIDs only implemented for interfaces!
 -> (artifact id: 'bd9f1f7372d8e1dea075f2ee49a8197f') in 0.018320 seconds 
========================================================================
Received Import Request.
  Time since last request: 0.000020 seconds.
  path: Assets/Scenes/_CompletedScenes/SciFiCorridor/FPSCameraComplete/Lightmap-2_comp_dir.png
  artifactKey: Guid(759645b1a64fc4241b483dbe6495e55f) Importer(2089858483,0ecaa5967403d082aa24f35e1b516d23)
Start importing Assets/Scenes/_CompletedScenes/SciFiCorridor/FPSCameraComplete/Lightmap-2_comp_dir.png using Guid(759645b1a64fc4241b483dbe6495e55f) Importer(2089858483,0ecaa5967403d082aa24f35e1b516d23) Generated GUIDs only implemented for interfaces!
 -> (artifact id: '7460f58a4551330ffcca62383d8384bc') in 0.015287 seconds 
========================================================================
Received Import Request.
  Time since last request: 0.000020 seconds.
  path: Assets/Scenes/_CompletedScenes/SciFiCorridor/MixedMode/Lightmap-0_comp_dir.png
  artifactKey: Guid(a256874af0f6f3b4d803fa4fc8f8ea6e) Importer(2089858483,0ecaa5967403d082aa24f35e1b516d23)
Start importing Assets/Scenes/_CompletedScenes/SciFiCorridor/MixedMode/Lightmap-0_comp_dir.png using Guid(a256874af0f6f3b4d803fa4fc8f8ea6e) Importer(2089858483,0ecaa5967403d082aa24f35e1b516d23) Generated GUIDs only implemented for interfaces!
 -> (artifact id: '17110737a5e5b767671529cef3854857') in 0.032140 seconds 
========================================================================
Received Import Request.
  Time since last request: 0.000023 seconds.
  path: Assets/Scenes/_CompletedScenes/GlobalIllumination/SkyboxesComplete/Lightmap-0_comp_light.exr
  artifactKey: Guid(3b99284014c99a141a7ac9393433d0e4) Importer(2089858483,0ecaa5967403d082aa24f35e1b516d23)
Start importing Assets/Scenes/_CompletedScenes/GlobalIllumination/SkyboxesComplete/Lightmap-0_comp_light.exr using Guid(3b99284014c99a141a7ac9393433d0e4) Importer(2089858483,0ecaa5967403d082aa24f35e1b516d23) Generated GUIDs only implemented for interfaces!
 -> (artifact id: '1983bb8127f90278eedcd6a4cf997255') in 0.017114 seconds 
========================================================================
Received Import Request.
  Time since last request: 0.000030 seconds.
  path: Assets/Scenes/_CompletedScenes/SciFiCorridor/ScreenSpaceReflectionsComplete/Lightmap-3_comp_dir.png
  artifactKey: Guid(349b277b0f7fc2544b041587bbd0d2a4) Importer(2089858483,0ecaa5967403d082aa24f35e1b516d23)
Start importing Assets/Scenes/_CompletedScenes/SciFiCorridor/ScreenSpaceReflectionsComplete/Lightmap-3_comp_dir.png using Guid(349b277b0f7fc2544b041587bbd0d2a4) Importer(2089858483,0ecaa5967403d082aa24f35e1b516d23) Generated GUIDs only implemented for interfaces!
 -> (artifact id: 'c861e53db5c754fbd165cf08388c4964') in 0.017516 seconds 
========================================================================
Received Import Request.
  Time since last request: 0.000019 seconds.
  path: Assets/Scenes/_CompletedScenes/SciFiCorridor/ScreenSpaceReflections/Lightmap-1_comp_dir.png
  artifactKey: Guid(6f4a7b65c8b80e749aceecca6f2b9ba8) Importer(2089858483,0ecaa5967403d082aa24f35e1b516d23)
Start importing Assets/Scenes/_CompletedScenes/SciFiCorridor/ScreenSpaceReflections/Lightmap-1_comp_dir.png using Guid(6f4a7b65c8b80e749aceecca6f2b9ba8) Importer(2089858483,0ecaa5967403d082aa24f35e1b516d23) Generated GUIDs only implemented for interfaces!
 -> (artifact id: '1bed3bd4caa45341005e169e91536052') in 0.034360 seconds 
========================================================================
Received Import Request.
  Time since last request: 0.000023 seconds.
  path: Assets/Standard Assets/Environment/SpeedTree/Broadleaf/Broadleaf_Desktop_Atlas.tga
  artifactKey: Guid(d20e5329bb2905844a1ae38b80640d3f) Importer(2089858483,0ecaa5967403d082aa24f35e1b516d23)
Start importing Assets/Standard Assets/Environment/SpeedTree/Broadleaf/Broadleaf_Desktop_Atlas.tga using Guid(d20e5329bb2905844a1ae38b80640d3f) Importer(2089858483,0ecaa5967403d082aa24f35e1b516d23) Generated GUIDs only implemented for interfaces!
 -> (artifact id: 'c36f34aeec801e367618d1439f69c264') in 0.017917 seconds 
========================================================================
Received Import Request.
  Time since last request: 0.000022 seconds.
  path: Assets/Standard Assets/Characters/ThirdPersonCharacter/Animation/HumanoidWalkTurnSharp.fbx
  artifactKey: Guid(bb141fc9a700c9c4ca7e6dadb8acf24b) Importer(2089858483,0ecaa5967403d082aa24f35e1b516d23)
Start importing Assets/Standard Assets/Characters/ThirdPersonCharacter/Animation/HumanoidWalkTurnSharp.fbx using Guid(bb141fc9a700c9c4ca7e6dadb8acf24b) Importer(2089858483,0ecaa5967403d082aa24f35e1b516d23) Generated GUIDs only implemented for interfaces!
 -> (artifact id: '72a1cbfb7fd23f55c36be445f05aeb12') in 0.060236 seconds 
========================================================================
Received Import Request.
  Time since last request: 0.000020 seconds.
  path: Assets/Standard Assets/Environment/SpeedTree/Broadleaf/Broadleaves_Desktop.tga
  artifactKey: Guid(306f8f570579fb3448d141a63029ef94) Importer(2089858483,0ecaa5967403d082aa24f35e1b516d23)
Start importing Assets/Standard Assets/Environment/SpeedTree/Broadleaf/Broadleaves_Desktop.tga using Guid(306f8f570579fb3448d141a63029ef94) Importer(2089858483,0ecaa5967403d082aa24f35e1b516d23) Generated GUIDs only implemented for interfaces!
 -> (artifact id: 'd8d9651a1e3b15815fb0cf1d0852eb8b') in 0.021931 seconds 
========================================================================
Received Import Request.
  Time since last request: 0.000018 seconds.
  path: Assets/Standard Assets/Effects/Projectors/Materials/LightProjector.mat
  artifactKey: Guid(c8c80c5b03f5c7e40b07eb2170e667e5) Importer(2089858483,0ecaa5967403d082aa24f35e1b516d23)
Start importing Assets/Standard Assets/Effects/Projectors/Materials/LightProjector.mat using Guid(c8c80c5b03f5c7e40b07eb2170e667e5) Importer(2089858483,0ecaa5967403d082aa24f35e1b516d23) Generated GUIDs only implemented for interfaces!
 -> (artifact id: 'c4d26ffd1c365327e9d6362c9a77beb6') in 0.014935 seconds 
========================================================================
Received Import Request.
  Time since last request: 0.000018 seconds.
  path: Assets/Standard Assets/Environment/SpeedTree/Conifer/Thumb_Conifer_Desktop.jpg
  artifactKey: Guid(1fbc4e410d66d804aaf31b4c25b16ffc) Importer(2089858483,0ecaa5967403d082aa24f35e1b516d23)
Start importing Assets/Standard Assets/Environment/SpeedTree/Conifer/Thumb_Conifer_Desktop.jpg using Guid(1fbc4e410d66d804aaf31b4c25b16ffc) Importer(2089858483,0ecaa5967403d082aa24f35e1b516d23) Generated GUIDs only implemented for interfaces!
 -> (artifact id: '73a304e51e2a61fb90dff784b30a0a58') in 0.022950 seconds 
========================================================================
Received Import Request.
  Time since last request: 0.001115 seconds.
  path: Assets/Standard Assets/CrossPlatformInput/Scripts/PlatformSpecific/MobileInput.cs
  artifactKey: Guid(9703d53e47195aa4190acd11369ccd1b) Importer(2089858483,0ecaa5967403d082aa24f35e1b516d23)
Start importing Assets/Standard Assets/CrossPlatformInput/Scripts/PlatformSpecific/MobileInput.cs using Guid(9703d53e47195aa4190acd11369ccd1b) Importer(2089858483,0ecaa5967403d082aa24f35e1b516d23) Generated GUIDs only implemented for interfaces!
 -> (artifact id: '623e3eda2f91d52ff12da888101c1d7b') in 0.006513 seconds 
========================================================================
Received Import Request.
  Time since last request: 0.000022 seconds.
  path: Assets/Standard Assets/Characters/ThirdPersonCharacter/Animation/HumanoidCrouch.fbx
  artifactKey: Guid(d89ea37480b6d75458aa38843e9688dc) Importer(2089858483,0ecaa5967403d082aa24f35e1b516d23)
Start importing Assets/Standard Assets/Characters/ThirdPersonCharacter/Animation/HumanoidCrouch.fbx using Guid(d89ea37480b6d75458aa38843e9688dc) Importer(2089858483,0ecaa5967403d082aa24f35e1b516d23) Generated GUIDs only implemented for interfaces!
 -> (artifact id: 'fefdca4f4adcbb5f4949e9b491759d07') in 0.101089 seconds 
========================================================================
Received Import Request.
  Time since last request: 0.000020 seconds.
  path: Assets/Standard Assets/Effects/GlassRefraction/Textures/GlassStainedAlbedo.tif
  artifactKey: Guid(19555d7d9d114c7f1100f5ab44295342) Importer(2089858483,0ecaa5967403d082aa24f35e1b516d23)
Start importing Assets/Standard Assets/Effects/GlassRefraction/Textures/GlassStainedAlbedo.tif using Guid(19555d7d9d114c7f1100f5ab44295342) Importer(2089858483,0ecaa5967403d082aa24f35e1b516d23) Generated GUIDs only implemented for interfaces!
 -> (artifact id: 'c4e499c936a2d4a41c2a4e9ca4aee6f6') in 0.018355 seconds 
========================================================================
Received Import Request.
  Time since last request: 0.000017 seconds.
  path: Assets/Standard Assets/Environment/SpeedTree/Broadleaf/Broadleaves_Card_Desktop_Spec.tga
  artifactKey: Guid(6308da3d0ff986b42be3b0a6ea5b6fae) Importer(2089858483,0ecaa5967403d082aa24f35e1b516d23)
Start importing Assets/Standard Assets/Environment/SpeedTree/Broadleaf/Broadleaves_Card_Desktop_Spec.tga using Guid(6308da3d0ff986b42be3b0a6ea5b6fae) Importer(2089858483,0ecaa5967403d082aa24f35e1b516d23) Generated GUIDs only implemented for interfaces!
 -> (artifact id: '25a223126318a747bfa2e5e280520982') in 0.013958 seconds 
========================================================================
Received Import Request.
  Time since last request: 0.000018 seconds.
  path: Assets/Standard Assets/Characters/ThirdPersonCharacter/Models/Ethan.fbx
  artifactKey: Guid(b235179bd2a63d1468dd430670338c55) Importer(2089858483,0ecaa5967403d082aa24f35e1b516d23)
Start importing Assets/Standard Assets/Characters/ThirdPersonCharacter/Models/Ethan.fbx using Guid(b235179bd2a63d1468dd430670338c55) Importer(2089858483,0ecaa5967403d082aa24f35e1b516d23) Generated GUIDs only implemented for interfaces!
 -> (artifact id: '2244006ff981bc759c5922d9b18f834f') in 0.029845 seconds 
========================================================================
Received Import Request.
  Time since last request: 0.000022 seconds.
  path: Assets/Standard Assets/Environment/SpeedTree/Palm/Palm_Desktop.spm
  artifactKey: Guid(d027af1092f6b434090f040565e7e656) Importer(2089858483,0ecaa5967403d082aa24f35e1b516d23)
Start importing Assets/Standard Assets/Environment/SpeedTree/Palm/Palm_Desktop.spm using Guid(d027af1092f6b434090f040565e7e656) Importer(2089858483,0ecaa5967403d082aa24f35e1b516d23) Generated GUIDs only implemented for interfaces!
 -> (artifact id: '3a147478ddf97c4126aeaf29f9304f11') in 0.026037 seconds 
========================================================================
Received Import Request.
  Time since last request: 0.000465 seconds.
  path: Assets/Standard Assets/Environment/SpeedTree/Conifer/ConiferBark.tga
  artifactKey: Guid(9654cfdd87d7daf429b8931c28d7a93c) Importer(2089858483,0ecaa5967403d082aa24f35e1b516d23)
Start importing Assets/Standard Assets/Environment/SpeedTree/Conifer/ConiferBark.tga using Guid(9654cfdd87d7daf429b8931c28d7a93c) Importer(2089858483,0ecaa5967403d082aa24f35e1b516d23) Generated GUIDs only implemented for interfaces!
 -> (artifact id: 'e26a1b24c8218d1cf1ab0075837eecf9') in 0.014651 seconds 
========================================================================
Received Import Request.
  Time since last request: 0.000020 seconds.
  path: Assets/Standard Assets/Effects/ToonShading/Shaders/ToonBasic.shader
  artifactKey: Guid(d84268709d11078d11005b9844295342) Importer(2089858483,0ecaa5967403d082aa24f35e1b516d23)
Start importing Assets/Standard Assets/Effects/ToonShading/Shaders/ToonBasic.shader using Guid(d84268709d11078d11005b9844295342) Importer(2089858483,0ecaa5967403d082aa24f35e1b516d23) Generated GUIDs only implemented for interfaces!
 -> (artifact id: '0b54abbe40cbda41c23796d4b70ac357') in 0.013362 seconds 
========================================================================
Received Import Request.
  Time since last request: 0.000028 seconds.
  path: Assets/Standard Assets/Environment/SpeedTree/Palm/Palm_Desktop_Atlas_Billboards_Normal.tga
  artifactKey: Guid(bf8162ab40cfad34cac743bdc2939f99) Importer(2089858483,0ecaa5967403d082aa24f35e1b516d23)
Start importing Assets/Standard Assets/Environment/SpeedTree/Palm/Palm_Desktop_Atlas_Billboards_Normal.tga using Guid(bf8162ab40cfad34cac743bdc2939f99) Importer(2089858483,0ecaa5967403d082aa24f35e1b516d23) Generated GUIDs only implemented for interfaces!
 -> (artifact id: '9dbced8c272426e1dde53f56bdcbe4f1') in 0.022712 seconds 
========================================================================
Received Import Request.
  Time since last request: 0.000020 seconds.
  path: Assets/Standard Assets/Environment/SpeedTree/Palm/PalmBark.tga
  artifactKey: Guid(dd49a2ed5943a014e8d933ff5381281a) Importer(2089858483,0ecaa5967403d082aa24f35e1b516d23)
Start importing Assets/Standard Assets/Environment/SpeedTree/Palm/PalmBark.tga using Guid(dd49a2ed5943a014e8d933ff5381281a) Importer(2089858483,0ecaa5967403d082aa24f35e1b516d23) Generated GUIDs only implemented for interfaces!
 -> (artifact id: '3203a40a3634c0d1bdd07f5401e06e7d') in 0.017567 seconds 
========================================================================
Received Import Request.
  Time since last request: 0.000017 seconds.
  path: Assets/Standard Assets/Characters/ThirdPersonCharacter/Materials/EthanGrey.mat
  artifactKey: Guid(621e901dcf5ebaf46bce29d18f67194c) Importer(2089858483,0ecaa5967403d082aa24f35e1b516d23)
Start importing Assets/Standard Assets/Characters/ThirdPersonCharacter/Materials/EthanGrey.mat using Guid(621e901dcf5ebaf46bce29d18f67194c) Importer(2089858483,0ecaa5967403d082aa24f35e1b516d23) Generated GUIDs only implemented for interfaces!
 -> (artifact id: '4b26b632a8b97c4cbcf9fe206a281780') in 0.037498 seconds 
========================================================================
Received Import Request.
  Time since last request: 0.000022 seconds.
  path: Assets/Scenes/_CompletedScenes/GlobalIllumination/RealtimeGISettingsComplete/Lightmap-0_comp_light.exr
  artifactKey: Guid(64a30d1edacd94e1ba562f3035b83984) Importer(2089858483,0ecaa5967403d082aa24f35e1b516d23)
Start importing Assets/Scenes/_CompletedScenes/GlobalIllumination/RealtimeGISettingsComplete/Lightmap-0_comp_light.exr using Guid(64a30d1edacd94e1ba562f3035b83984) Importer(2089858483,0ecaa5967403d082aa24f35e1b516d23) Generated GUIDs only implemented for interfaces!
 -> (artifact id: '11509154aef14636cb3d8fd204ea4acb') in 0.016854 seconds 
========================================================================
Received Import Request.
  Time since last request: 0.000019 seconds.
  path: Assets/Standard Assets/Environment/Water/Water/Textures/WaterFresnel.psd
  artifactKey: Guid(5b5c5575fd4c74abd9f7b30862fb76a3) Importer(2089858483,0ecaa5967403d082aa24f35e1b516d23)
Start importing Assets/Standard Assets/Environment/Water/Water/Textures/WaterFresnel.psd using Guid(5b5c5575fd4c74abd9f7b30862fb76a3) Importer(2089858483,0ecaa5967403d082aa24f35e1b516d23) Generated GUIDs only implemented for interfaces!
 -> (artifact id: '50105a3253b43817258f16e9e6effa33') in 0.018802 seconds 
========================================================================
Received Import Request.
  Time since last request: 0.000029 seconds.
  path: Assets/Standard Assets/Environment/SpeedTree/Conifer/Conifer_Desktop Materials/Billboard.mat
  artifactKey: Guid(e625f56663597ef4899f86b588b4d506) Importer(2089858483,0ecaa5967403d082aa24f35e1b516d23)
Start importing Assets/Standard Assets/Environment/SpeedTree/Conifer/Conifer_Desktop Materials/Billboard.mat using Guid(e625f56663597ef4899f86b588b4d506) Importer(2089858483,0ecaa5967403d082aa24f35e1b516d23) Generated GUIDs only implemented for interfaces!
 -> (artifact id: '99a856fd0892d998775df895fef518dd') in 0.064848 seconds 
========================================================================
Received Import Request.
  Time since last request: 0.000014 seconds.
  path: Assets/Standard Assets/Environment/Water (Basic)/Materials/WaterDefault.mat
  artifactKey: Guid(30abebfd9bf1c49d8a2d26e61e66bc15) Importer(2089858483,0ecaa5967403d082aa24f35e1b516d23)
Start importing Assets/Standard Assets/Environment/Water (Basic)/Materials/WaterDefault.mat using Guid(30abebfd9bf1c49d8a2d26e61e66bc15) Importer(2089858483,0ecaa5967403d082aa24f35e1b516d23) Generated GUIDs only implemented for interfaces!
 -> (artifact id: '47bf3a4d44fafaec54ebc7cf940ba8dc') in 0.005744 seconds 
========================================================================
Received Import Request.
  Time since last request: 0.000014 seconds.
  path: Assets/Standard Assets/Environment/SpeedTree/Broadleaf/Broadleaf_Desktop Materials/LOD2/Branches_0.mat
  artifactKey: Guid(b0d5705176a0d36419d034e2ea46491a) Importer(2089858483,0ecaa5967403d082aa24f35e1b516d23)
Start importing Assets/Standard Assets/Environment/SpeedTree/Broadleaf/Broadleaf_Desktop Materials/LOD2/Branches_0.mat using Guid(b0d5705176a0d36419d034e2ea46491a) Importer(2089858483,0ecaa5967403d082aa24f35e1b516d23) Generated GUIDs only implemented for interfaces!
 -> (artifact id: '62f41e11513b2797b77aa2b21266b52e') in 0.100726 seconds 
========================================================================
Received Import Request.
  Time since last request: 0.000018 seconds.
  path: Assets/Models/Background/Meshes/V09/Materials/Sand.4.mat
  artifactKey: Guid(3a1ae5dac7771b54e8bee10b3e975165) Importer(2089858483,0ecaa5967403d082aa24f35e1b516d23)
Start importing Assets/Models/Background/Meshes/V09/Materials/Sand.4.mat using Guid(3a1ae5dac7771b54e8bee10b3e975165) Importer(2089858483,0ecaa5967403d082aa24f35e1b516d23) Generated GUIDs only implemented for interfaces!
 -> (artifact id: '98db12af401b82a6476ed08dfacd695d') in 0.006379 seconds 
========================================================================
Received Import Request.
  Time since last request: 0.000027 seconds.
  path: Assets/Standard Assets/Environment/SpeedTree/Broadleaf/Broadleaf_Mobile Materials/LOD0/Leaves_1.mat
  artifactKey: Guid(6c3b3265bf0f7e547a1ada8555f850a5) Importer(2089858483,0ecaa5967403d082aa24f35e1b516d23)
Start importing Assets/Standard Assets/Environment/SpeedTree/Broadleaf/Broadleaf_Mobile Materials/LOD0/Leaves_1.mat using Guid(6c3b3265bf0f7e547a1ada8555f850a5) Importer(2089858483,0ecaa5967403d082aa24f35e1b516d23) Generated GUIDs only implemented for interfaces!
 -> (artifact id: 'b8a9f31e51abc6e0ac4efe03974ca1a1') in 0.169163 seconds 
========================================================================
Received Import Request.
  Time since last request: 0.000015 seconds.
  path: Assets/Models/Background/Meshes/V09/Materials/Sand.7.mat
  artifactKey: Guid(0636ee1e61181724db84b13e29b4377e) Importer(2089858483,0ecaa5967403d082aa24f35e1b516d23)
Start importing Assets/Models/Background/Meshes/V09/Materials/Sand.7.mat using Guid(0636ee1e61181724db84b13e29b4377e) Importer(2089858483,0ecaa5967403d082aa24f35e1b516d23) Generated GUIDs only implemented for interfaces!
 -> (artifact id: 'e8ae915e730304d7252f606a8a0486d3') in 0.005678 seconds 
========================================================================
Received Import Request.
  Time since last request: 0.000015 seconds.
  path: Assets/Standard Assets/Environment/SpeedTree/Conifer/Conifer_Desktop Materials/LOD2/Leaves_3.mat
  artifactKey: Guid(c487fc8e98a2a42488a6c0a36ccaec27) Importer(2089858483,0ecaa5967403d082aa24f35e1b516d23)
Start importing Assets/Standard Assets/Environment/SpeedTree/Conifer/Conifer_Desktop Materials/LOD2/Leaves_3.mat using Guid(c487fc8e98a2a42488a6c0a36ccaec27) Importer(2089858483,0ecaa5967403d082aa24f35e1b516d23) Generated GUIDs only implemented for interfaces!
 -> (artifact id: '96bd68128d0250ae02649a33b00bcedb') in 0.018136 seconds 
========================================================================
Received Import Request.
  Time since last request: 0.000014 seconds.
  path: Assets/Standard Assets/Environment/TerrainAssets/BillboardTextures/GrassFrond01AlbedoAlpha.psd
  artifactKey: Guid(2c528fec5d95e4ac28cf46399b887662) Importer(2089858483,0ecaa5967403d082aa24f35e1b516d23)
Start importing Assets/Standard Assets/Environment/TerrainAssets/BillboardTextures/GrassFrond01AlbedoAlpha.psd using Guid(2c528fec5d95e4ac28cf46399b887662) Importer(2089858483,0ecaa5967403d082aa24f35e1b516d23) Generated GUIDs only implemented for interfaces!
 -> (artifact id: '06bd9cdd01957ac2782aba71a70d63e8') in 0.010024 seconds 
========================================================================
Received Import Request.
  Time since last request: 0.000018 seconds.
  path: Assets/Standard Assets/Environment/SpeedTree/Broadleaf/Broadleaf_Desktop Materials/LOD1/Branches_1.mat
  artifactKey: Guid(97ad51f0a4aed0a4289f5462ce6dc18f) Importer(2089858483,0ecaa5967403d082aa24f35e1b516d23)
Start importing Assets/Standard Assets/Environment/SpeedTree/Broadleaf/Broadleaf_Desktop Materials/LOD1/Branches_1.mat using Guid(97ad51f0a4aed0a4289f5462ce6dc18f) Importer(2089858483,0ecaa5967403d082aa24f35e1b516d23) Generated GUIDs only implemented for interfaces!
 -> (artifact id: '93bdc7ed33cecc5af135153eeb3f7cad') in 0.072038 seconds 
========================================================================
Received Import Request.
  Time since last request: 0.000023 seconds.
  path: Assets/Standard Assets/Environment/SpeedTree/Broadleaf/Broadleaf_Mobile Materials/Billboard.mat
  artifactKey: Guid(8c1755df5f552e843b9f8485f72e71f8) Importer(2089858483,0ecaa5967403d082aa24f35e1b516d23)
Start importing Assets/Standard Assets/Environment/SpeedTree/Broadleaf/Broadleaf_Mobile Materials/Billboard.mat using Guid(8c1755df5f552e843b9f8485f72e71f8) Importer(2089858483,0ecaa5967403d082aa24f35e1b516d23) Generated GUIDs only implemented for interfaces!
 -> (artifact id: '728d93a23db00a16434f643aad89b00d') in 0.007237 seconds 
========================================================================
Received Import Request.
  Time since last request: 0.000013 seconds.
  path: Assets/Standard Assets/Environment/SpeedTree/Broadleaf/Broadleaf_Mobile Materials/LOD1/Branches_0.mat
  artifactKey: Guid(1092dd21af768cb499771bf88709dbbd) Importer(2089858483,0ecaa5967403d082aa24f35e1b516d23)
Start importing Assets/Standard Assets/Environment/SpeedTree/Broadleaf/Broadleaf_Mobile Materials/LOD1/Branches_0.mat using Guid(1092dd21af768cb499771bf88709dbbd) Importer(2089858483,0ecaa5967403d082aa24f35e1b516d23) Generated GUIDs only implemented for interfaces!
 -> (artifact id: '6ef41d3602091087914384cba61652fe') in 0.007047 seconds 
========================================================================
Received Import Request.
  Time since last request: 0.000015 seconds.
  path: Assets/Standard Assets/Environment/Water/Water/Models/WaterPlane.fbx
  artifactKey: Guid(ba6a41dc489914734857bb5924eb70ad) Importer(2089858483,0ecaa5967403d082aa24f35e1b516d23)
Start importing Assets/Standard Assets/Environment/Water/Water/Models/WaterPlane.fbx using Guid(ba6a41dc489914734857bb5924eb70ad) Importer(2089858483,0ecaa5967403d082aa24f35e1b516d23) Generated GUIDs only implemented for interfaces!
 -> (artifact id: '4b89d83c7408f86a0aba15f854cee9d2') in 0.013530 seconds 
========================================================================
Received Import Request.
  Time since last request: 0.000013 seconds.
  path: Assets/Standard Assets/Environment/Water/Water/Materials/WaterPlaneMaterial.mat
  artifactKey: Guid(f1bc741ea0e69a241896582ddb633d55) Importer(2089858483,0ecaa5967403d082aa24f35e1b516d23)
Start importing Assets/Standard Assets/Environment/Water/Water/Materials/WaterPlaneMaterial.mat using Guid(f1bc741ea0e69a241896582ddb633d55) Importer(2089858483,0ecaa5967403d082aa24f35e1b516d23) Generated GUIDs only implemented for interfaces!
 -> (artifact id: '9d7d5930d20a62a9b3b4443c042b2736') in 0.006188 seconds 
========================================================================
Received Import Request.
  Time since last request: 0.000013 seconds.
  path: Assets/Standard Assets/Environment/SpeedTree/Conifer/Conifer_Desktop Materials/LOD0/Leaves_3.mat
  artifactKey: Guid(2bcb00d145ec17e4cad096cedfd84138) Importer(2089858483,0ecaa5967403d082aa24f35e1b516d23)
Start importing Assets/Standard Assets/Environment/SpeedTree/Conifer/Conifer_Desktop Materials/LOD0/Leaves_3.mat using Guid(2bcb00d145ec17e4cad096cedfd84138) Importer(2089858483,0ecaa5967403d082aa24f35e1b516d23) Generated GUIDs only implemented for interfaces!
 -> (artifact id: 'b5e01bdbe011ab34bee429ae6e723223') in 0.006664 seconds 
========================================================================
Received Import Request.
  Time since last request: 0.000013 seconds.
  path: Assets/Standard Assets/Environment/Water/Water4/Shaders/FXWater4Simple.shader
  artifactKey: Guid(8aaff0751054e4a9cb4642d01eaf5be9) Importer(2089858483,0ecaa5967403d082aa24f35e1b516d23)
Start importing Assets/Standard Assets/Environment/Water/Water4/Shaders/FXWater4Simple.shader using Guid(8aaff0751054e4a9cb4642d01eaf5be9) Importer(2089858483,0ecaa5967403d082aa24f35e1b516d23) Generated GUIDs only implemented for interfaces!
 -> (artifact id: '74d84224d76e2c25d155967a6eee282b') in 0.008805 seconds 
========================================================================
Received Import Request.
  Time since last request: 0.000014 seconds.
  path: Assets/Scenes/_CompletedScenes/SciFiCorridor/ScreenSpaceReflections/Lightmap-3_comp_dir.png
  artifactKey: Guid(3350e838352b62a4ab80d0752356d9dd) Importer(2089858483,0ecaa5967403d082aa24f35e1b516d23)
Start importing Assets/Scenes/_CompletedScenes/SciFiCorridor/ScreenSpaceReflections/Lightmap-3_comp_dir.png using Guid(3350e838352b62a4ab80d0752356d9dd) Importer(2089858483,0ecaa5967403d082aa24f35e1b516d23) Generated GUIDs only implemented for interfaces!
 -> (artifact id: 'f0eda91b12da162046aef97367279514') in 0.010726 seconds 
========================================================================
Received Import Request.
  Time since last request: 0.000017 seconds.
  path: Assets/Standard Assets/Effects/ToonShading/Materials/ToonBasicOutline.mat
  artifactKey: Guid(215977489d11178d11005b9844295342) Importer(2089858483,0ecaa5967403d082aa24f35e1b516d23)
Start importing Assets/Standard Assets/Effects/ToonShading/Materials/ToonBasicOutline.mat using Guid(215977489d11178d11005b9844295342) Importer(2089858483,0ecaa5967403d082aa24f35e1b516d23) Generated GUIDs only implemented for interfaces!
 -> (artifact id: '52adbbcece305a6e6b298b913203d5fd') in 0.007190 seconds 
========================================================================
Received Import Request.
  Time since last request: 0.000013 seconds.
  path: Assets/Scenes/_CompletedScenes/SciFiCorridor/MixedLightingComplete/Lightmap-0_comp_light.exr
  artifactKey: Guid(b2f2c6ec30f3a4f44a25d51ee24f00f1) Importer(2089858483,0ecaa5967403d082aa24f35e1b516d23)
Start importing Assets/Scenes/_CompletedScenes/SciFiCorridor/MixedLightingComplete/Lightmap-0_comp_light.exr using Guid(b2f2c6ec30f3a4f44a25d51ee24f00f1) Importer(2089858483,0ecaa5967403d082aa24f35e1b516d23) Generated GUIDs only implemented for interfaces!
 -> (artifact id: '0b40be10b62211a5907bea231b762684') in 0.011560 seconds 
========================================================================
Received Import Request.
  Time since last request: 0.000015 seconds.
  path: Assets/Standard Assets/Editor/Water/Water4/WaterBaseEditor.cs
  artifactKey: Guid(9c2c627f6fe3945b39581fc103d32251) Importer(2089858483,0ecaa5967403d082aa24f35e1b516d23)
Start importing Assets/Standard Assets/Editor/Water/Water4/WaterBaseEditor.cs using Guid(9c2c627f6fe3945b39581fc103d32251) Importer(2089858483,0ecaa5967403d082aa24f35e1b516d23) Generated GUIDs only implemented for interfaces!
 -> (artifact id: 'c25f9114c8206d6f31ddda55148e1258') in 0.004885 seconds 
========================================================================
Received Import Request.
  Time since last request: 0.000013 seconds.
  path: Assets/Standard Assets/Environment/SpeedTree/Broadleaf/Broadleaf_Desktop.spm
  artifactKey: Guid(c91c1eb85782d5748ace27eb4d7415bb) Importer(2089858483,0ecaa5967403d082aa24f35e1b516d23)
Start importing Assets/Standard Assets/Environment/SpeedTree/Broadleaf/Broadleaf_Desktop.spm using Guid(c91c1eb85782d5748ace27eb4d7415bb) Importer(2089858483,0ecaa5967403d082aa24f35e1b516d23) Generated GUIDs only implemented for interfaces!
 -> (artifact id: '0e15a1e48bab507890083f8d7fbd9c04') in 0.017561 seconds 
========================================================================
Received Import Request.
  Time since last request: 0.000015 seconds.
  path: Assets/Standard Assets/Environment/Water (Basic)/Scripts/WaterBasic.cs
  artifactKey: Guid(0d2f50a8e0bb841a5aaa90ae55db8849) Importer(2089858483,0ecaa5967403d082aa24f35e1b516d23)
Start importing Assets/Standard Assets/Environment/Water (Basic)/Scripts/WaterBasic.cs using Guid(0d2f50a8e0bb841a5aaa90ae55db8849) Importer(2089858483,0ecaa5967403d082aa24f35e1b516d23) Generated GUIDs only implemented for interfaces!
 -> (artifact id: '87d5b13468512caef7a2a31de7725483') in 0.005181 seconds 
========================================================================
Received Import Request.
  Time since last request: 0.000012 seconds.
  path: Assets/Scenes/_CompletedScenes/SciFiCorridor/MixedMode/Lightmap-3_comp_shadowmask.png
  artifactKey: Guid(70f73d8a6c1461e46a6ae00f06afdac9) Importer(2089858483,0ecaa5967403d082aa24f35e1b516d23)
Start importing Assets/Scenes/_CompletedScenes/SciFiCorridor/MixedMode/Lightmap-3_comp_shadowmask.png using Guid(70f73d8a6c1461e46a6ae00f06afdac9) Importer(2089858483,0ecaa5967403d082aa24f35e1b516d23) Generated GUIDs only implemented for interfaces!
 -> (artifact id: 'f3b634d9a4e1ec905adf4c18dd33a7db') in 0.011097 seconds 
========================================================================
Received Import Request.
  Time since last request: 0.000014 seconds.
  path: Assets/Standard Assets/Environment/SpeedTree/Conifer/Conifer_Desktop Materials/LOD0/Fronds_2.mat
  artifactKey: Guid(0aa00c0212e047047aa5a1ce93b07f49) Importer(2089858483,0ecaa5967403d082aa24f35e1b516d23)
Start importing Assets/Standard Assets/Environment/SpeedTree/Conifer/Conifer_Desktop Materials/LOD0/Fronds_2.mat using Guid(0aa00c0212e047047aa5a1ce93b07f49) Importer(2089858483,0ecaa5967403d082aa24f35e1b516d23) Generated GUIDs only implemented for interfaces!
 -> (artifact id: '3e92384070ff67733781061177589856') in 0.073426 seconds 
========================================================================
Received Import Request.
  Time since last request: 0.000015 seconds.
  path: Assets/Scenes/_CompletedScenes/SciFiCorridor/ScreenSpaceReflections/Lightmap-2_comp_light.exr
  artifactKey: Guid(575f2382cf761464986a62b26135f940) Importer(2089858483,0ecaa5967403d082aa24f35e1b516d23)
Start importing Assets/Scenes/_CompletedScenes/SciFiCorridor/ScreenSpaceReflections/Lightmap-2_comp_light.exr using Guid(575f2382cf761464986a62b26135f940) Importer(2089858483,0ecaa5967403d082aa24f35e1b516d23) Generated GUIDs only implemented for interfaces!
 -> (artifact id: '200f79ffa1f54c4b22389d8249a064bb') in 0.014460 seconds 
========================================================================
Received Import Request.
  Time since last request: 0.000016 seconds.
  path: Assets/Standard Assets/Environment/SpeedTree/Broadleaf/Broadleaf_Mobile_Atlas_Specular.tga
  artifactKey: Guid(45cab4c9b31009748999eec1556926b3) Importer(2089858483,0ecaa5967403d082aa24f35e1b516d23)
Start importing Assets/Standard Assets/Environment/SpeedTree/Broadleaf/Broadleaf_Mobile_Atlas_Specular.tga using Guid(45cab4c9b31009748999eec1556926b3) Importer(2089858483,0ecaa5967403d082aa24f35e1b516d23) Generated GUIDs only implemented for interfaces!
 -> (artifact id: 'c31721c0b443241126782859d8aaf3b7') in 0.010059 seconds 
========================================================================
Received Import Request.
  Time since last request: 0.000041 seconds.
  path: Assets/Scenes/Start/GlobalIllumination/LightmappingSettingsStart.unity
  artifactKey: Guid(994ed8d037c834ea5a6d32d3b0ae14f9) Importer(2089858483,0ecaa5967403d082aa24f35e1b516d23)
Start importing Assets/Scenes/Start/GlobalIllumination/LightmappingSettingsStart.unity using Guid(994ed8d037c834ea5a6d32d3b0ae14f9) Importer(2089858483,0ecaa5967403d082aa24f35e1b516d23) Generated GUIDs only implemented for interfaces!
 -> (artifact id: '5fe42117968bb8146677185fc1a0024b') in 0.006743 seconds 
========================================================================
Received Import Request.
  Time since last request: 0.000023 seconds.
  path: Assets/Standard Assets/Effects/Projectors/Textures/Light.psd
  artifactKey: Guid(b1d7fee26e54cc3498f6267f072a45b9) Importer(2089858483,0ecaa5967403d082aa24f35e1b516d23)
Start importing Assets/Standard Assets/Effects/Projectors/Textures/Light.psd using Guid(b1d7fee26e54cc3498f6267f072a45b9) Importer(2089858483,0ecaa5967403d082aa24f35e1b516d23) Generated GUIDs only implemented for interfaces!
 -> (artifact id: 'a9c26e3499603e4bd9ef8250c00bd246') in 0.010011 seconds 
========================================================================
Received Import Request.
  Time since last request: 0.752252 seconds.
  path: Assets/Standard Assets/Environment/SpeedTree/Palm/Palm_Desktop Materials/LOD1/Leaves_3.mat
  artifactKey: Guid(9cc6d6e9e3fe9154890a6f9caa77c955) Importer(2089858483,0ecaa5967403d082aa24f35e1b516d23)
Start importing Assets/Standard Assets/Environment/SpeedTree/Palm/Palm_Desktop Materials/LOD1/Leaves_3.mat using Guid(9cc6d6e9e3fe9154890a6f9caa77c955) Importer(2089858483,0ecaa5967403d082aa24f35e1b516d23) Generated GUIDs only implemented for interfaces!
 -> (artifact id: 'f57a4d5d64b6e103c4bfaaa8b575610a') in 0.025136 seconds 
