Using pre-set license
Built from '2021.3/staging' branch; Version is '2021.3.9f1 (ad3870b89536) revision 11352176'; Using compiler version '192829333'; Build Type 'Release'
OS: 'Windows 10  (10.0.19044) 64bit Professional' Language: 'en' Physical Memory: 65277 MB
BatchMode: 1, IsHumanControllingUs: 0, StartBugReporterOnCrash: 0, Is64bit: 1, IsPro: 1

COMMAND LINE ARGUMENTS:
H:\Unity Editors\2021.3.9f1\Editor\Unity.exe
-adb2
-batchMode
-noUpm
-name
AssetImportWorker0
-projectPath
H:/Unity Projects/LightingBasics
-logFile
Logs/AssetImportWorker0.log
-srvPort
58475
Successfully changed project path to: H:/Unity Projects/LightingBasics
H:/Unity Projects/LightingBasics
[UnityMemory] Configuration Parameters - Can be set up in boot.config
    "memorysetup-bucket-allocator-granularity=16"
    "memorysetup-bucket-allocator-bucket-count=8"
    "memorysetup-bucket-allocator-block-size=33554432"
    "memorysetup-bucket-allocator-block-count=8"
    "memorysetup-main-allocator-block-size=16777216"
    "memorysetup-thread-allocator-block-size=16777216"
    "memorysetup-gfx-main-allocator-block-size=16777216"
    "memorysetup-gfx-thread-allocator-block-size=16777216"
    "memorysetup-cache-allocator-block-size=4194304"
    "memorysetup-typetree-allocator-block-size=2097152"
    "memorysetup-profiler-bucket-allocator-granularity=16"
    "memorysetup-profiler-bucket-allocator-bucket-count=8"
    "memorysetup-profiler-bucket-allocator-block-size=33554432"
    "memorysetup-profiler-bucket-allocator-block-count=8"
    "memorysetup-profiler-allocator-block-size=16777216"
    "memorysetup-profiler-editor-allocator-block-size=1048576"
    "memorysetup-temp-allocator-size-main=16777216"
    "memorysetup-job-temp-allocator-block-size=2097152"
    "memorysetup-job-temp-allocator-block-size-background=1048576"
    "memorysetup-job-temp-allocator-reduction-small-platforms=262144"
    "memorysetup-temp-allocator-size-background-worker=32768"
    "memorysetup-temp-allocator-size-job-worker=262144"
    "memorysetup-temp-allocator-size-preload-manager=33554432"
    "memorysetup-temp-allocator-size-nav-mesh-worker=65536"
    "memorysetup-temp-allocator-size-audio-worker=65536"
    "memorysetup-temp-allocator-size-cloud-worker=32768"
    "memorysetup-temp-allocator-size-gi-baking-worker=262144"
    "memorysetup-temp-allocator-size-gfx=262144"
Refreshing native plugins compatible for Editor in 23.67 ms, found 0 plugins.
Preloading 0 native plugins for Editor in 0.00 ms.
Initialize engine version: 2021.3.9f1 (ad3870b89536)
[Subsystems] Discovering subsystems at path H:/Unity Editors/2021.3.9f1/Editor/Data/Resources/UnitySubsystems
[Subsystems] Discovering subsystems at path H:/Unity Projects/LightingBasics/Assets
GfxDevice: creating device client; threaded=0; jobified=0
Direct3D:
    Version:  Direct3D 11.0 [level 11.1]
    Renderer: NVIDIA GeForce RTX 3080 (ID=0x2216)
    Vendor:   NVIDIA
    VRAM:     10078 MB
    Driver:   31.0.15.1694
Initialize mono
Mono path[0] = 'H:/Unity Editors/2021.3.9f1/Editor/Data/Managed'
Mono path[1] = 'H:/Unity Editors/2021.3.9f1/Editor/Data/MonoBleedingEdge/lib/mono/unityjit-win32'
Mono config path = 'H:/Unity Editors/2021.3.9f1/Editor/Data/MonoBleedingEdge/etc'
Using monoOptions --debugger-agent=transport=dt_socket,embedding=1,server=y,suspend=n,address=127.0.0.1:56176
Begin MonoManager ReloadAssembly
Registering precompiled unity dll's ...
Register platform support module: H:/Unity Editors/2021.3.9f1/Editor/Data/PlaybackEngines/AndroidPlayer/UnityEditor.Android.Extensions.dll
Register platform support module: H:/Unity Editors/2021.3.9f1/Editor/Data/PlaybackEngines/WindowsStandaloneSupport/UnityEditor.WindowsStandalone.Extensions.dll
Registered in 0.003264 seconds.
Native extension for WindowsStandalone target not found
Native extension for Android target not found
Refreshing native plugins compatible for Editor in 24.51 ms, found 0 plugins.
Preloading 0 native plugins for Editor in 0.00 ms.
Mono: successfully reloaded assembly
- Completed reload, in  0.601 seconds
Domain Reload Profiling:
	ReloadAssembly (601ms)
		BeginReloadAssembly (66ms)
			ExecutionOrderSort (0ms)
			DisableScriptedObjects (0ms)
			BackupInstance (0ms)
			ReleaseScriptingObjects (0ms)
			CreateAndSetChildDomain (0ms)
		EndReloadAssembly (428ms)
			LoadAssemblies (66ms)
			RebuildTransferFunctionScriptingTraits (0ms)
			SetupTypeCache (110ms)
			ReleaseScriptCaches (0ms)
			RebuildScriptCaches (28ms)
			SetupLoadedEditorAssemblies (238ms)
				LogAssemblyErrors (0ms)
				InitializePlatformSupportModulesInManaged (61ms)
				SetLoadedEditorAssemblies (0ms)
				RefreshPlugins (25ms)
				BeforeProcessingInitializeOnLoad (2ms)
				ProcessInitializeOnLoadAttributes (103ms)
				ProcessInitializeOnLoadMethodAttributes (48ms)
				AfterProcessingInitializeOnLoad (0ms)
				EditorAssembliesLoaded (0ms)
			ExecutionOrderSort2 (0ms)
			AwakeInstancesAfterBackupRestoration (0ms)
Platform modules already initialized, skipping
Registering precompiled user dll's ...
Registered in 0.000451 seconds.
Begin MonoManager ReloadAssembly
Native extension for WindowsStandalone target not found
Native extension for Android target not found
Refreshing native plugins compatible for Editor in 0.23 ms, found 0 plugins.
Preloading 0 native plugins for Editor in 0.00 ms.
Mono: successfully reloaded assembly
- Completed reload, in  0.811 seconds
Domain Reload Profiling:
	ReloadAssembly (812ms)
		BeginReloadAssembly (223ms)
			ExecutionOrderSort (0ms)
			DisableScriptedObjects (7ms)
			BackupInstance (0ms)
			ReleaseScriptingObjects (0ms)
			CreateAndSetChildDomain (131ms)
		EndReloadAssembly (472ms)
			LoadAssemblies (63ms)
			RebuildTransferFunctionScriptingTraits (0ms)
			SetupTypeCache (126ms)
			ReleaseScriptCaches (0ms)
			RebuildScriptCaches (36ms)
			SetupLoadedEditorAssemblies (211ms)
				LogAssemblyErrors (0ms)
				InitializePlatformSupportModulesInManaged (14ms)
				SetLoadedEditorAssemblies (0ms)
				RefreshPlugins (0ms)
				BeforeProcessingInitializeOnLoad (37ms)
				ProcessInitializeOnLoadAttributes (134ms)
				ProcessInitializeOnLoadMethodAttributes (22ms)
				AfterProcessingInitializeOnLoad (3ms)
				EditorAssembliesLoaded (0ms)
			ExecutionOrderSort2 (0ms)
			AwakeInstancesAfterBackupRestoration (6ms)
Platform modules already initialized, skipping
========================================================================
Worker process is ready to serve import requests
Launched and connected shader compiler UnityShaderCompiler.exe after 0.05 seconds
Refreshing native plugins compatible for Editor in 0.23 ms, found 0 plugins.
Preloading 0 native plugins for Editor in 0.00 ms.
Unloading 809 Unused Serialized files (Serialized files now loaded: 0)
Unloading 24 unused Assets / (1.9 MB). Loaded Objects now: 1274.
Memory consumption went from 57.0 MB to 55.1 MB.
Total: 2.150400 ms (FindLiveObjects: 0.074400 ms CreateObjectMapping: 0.015100 ms MarkObjects: 1.634000 ms  DeleteObjects: 0.426500 ms)

AssetImportParameters requested are different than current active one (requested -> active):
  custom:video-decoder-ogg-theora: a1e56fd34408186e4bbccfd4996cb3dc -> 
  custom:container-muxer-webm: aa71ff27fc2769a1b78a27578f13a17b -> 
  custom:container-demuxer-webm: 4f35f7cbe854078d1ac9338744f61a02 -> 
  custom:video-encoder-webm-vp8: eb34c28f22e8b96e1ab97ce403110664 -> 
  custom:audio-encoder-webm-vorbis: bf7c407c2cedff20999df2af8eb42d56 -> 
  custom:framework-win-MediaFoundation: 216162199b28c13a410421893ffa2e32 -> 
  custom:container-demuxer-ogg: 62fdf1f143b41e24485cea50d1cbac27 -> 
  custom:video-decoder-webm-vp8: 9c59270c3fd7afecdb556c50c9e8de78 -> 
  custom:audio-decoder-ogg-vorbis: bf7c407c2cedff20999df2af8eb42d56 -> 
========================================================================
Received Import Request.
  Time since last request: 98526.879756 seconds.
  path: Assets/Scenes/_CompletedScenes
  artifactKey: Guid(a20617f67046a487fb51f3f7e2cac36c) Importer(815301076,1909f56bfc062723c751e8b465ee728b)
Start importing Assets/Scenes/_CompletedScenes using Guid(a20617f67046a487fb51f3f7e2cac36c) Importer(815301076,1909f56bfc062723c751e8b465ee728b)  -> (artifact id: '2333eb1bc7ebed5abdaf7227f95a1d3f') in 0.010339 seconds 
========================================================================
Received Import Request.
  Time since last request: 10.798039 seconds.
  path: Assets/Scenes/In Progress
  artifactKey: Guid(6e8458ed18dbf2c4a811bd6b601bde26) Importer(815301076,1909f56bfc062723c751e8b465ee728b)
Start importing Assets/Scenes/In Progress using Guid(6e8458ed18dbf2c4a811bd6b601bde26) Importer(815301076,1909f56bfc062723c751e8b465ee728b)  -> (artifact id: '587ec846f012d068d9dfdc176c074b48') in 0.006735 seconds 
========================================================================
Received Import Request.
  Time since last request: 34.425422 seconds.
  path: Assets/Scenes/CompletedByMe
  artifactKey: Guid(11a1d0bf6422dfb458cc6decbb6f8ec3) Importer(815301076,1909f56bfc062723c751e8b465ee728b)
Start importing Assets/Scenes/CompletedByMe using Guid(11a1d0bf6422dfb458cc6decbb6f8ec3) Importer(815301076,1909f56bfc062723c751e8b465ee728b)  -> (artifact id: 'a8c152b2c21c0291ca5ce7072947ad63') in 0.007095 seconds 
========================================================================
Received Import Request.
  Time since last request: 3.492435 seconds.
  path: Assets/Scenes/Start
  artifactKey: Guid(c61183b25ab8c463a8c1b80044210177) Importer(815301076,1909f56bfc062723c751e8b465ee728b)
Start importing Assets/Scenes/Start using Guid(c61183b25ab8c463a8c1b80044210177) Importer(815301076,1909f56bfc062723c751e8b465ee728b)  -> (artifact id: 'e5f37bdb3d6a15331371d433cb40e634') in 0.017422 seconds 
========================================================================
Received Import Request.
  Time since last request: 1.471485 seconds.
  path: Assets/Scenes/Start/DirectLighting
  artifactKey: Guid(6dd6aaa3e3ffd4de187a937a0af70f52) Importer(815301076,1909f56bfc062723c751e8b465ee728b)
Start importing Assets/Scenes/Start/DirectLighting using Guid(6dd6aaa3e3ffd4de187a937a0af70f52) Importer(815301076,1909f56bfc062723c751e8b465ee728b)  -> (artifact id: '80ddaa66ff3fab54315f744e1e5ff859') in 0.007255 seconds 
========================================================================
Received Import Request.
  Time since last request: 4.678386 seconds.
  path: Assets/Scenes/Start/DirectLighting/DirectionalLightStart
  artifactKey: Guid(aaadb8c72aef80c4f93aec77932ffc7e) Importer(815301076,1909f56bfc062723c751e8b465ee728b)
Start importing Assets/Scenes/Start/DirectLighting/DirectionalLightStart using Guid(aaadb8c72aef80c4f93aec77932ffc7e) Importer(815301076,1909f56bfc062723c751e8b465ee728b)  -> (artifact id: '97887cba241fec4a28840d00c8507fb2') in 0.016507 seconds 
========================================================================
Received Import Request.
  Time since last request: 0.020058 seconds.
  path: Assets/Scenes/Start/DirectLighting/DirectionalLightStart/LightingData.asset
  artifactKey: Guid(cc5aa26a1060a644d8c9a1162251153a) Importer(815301076,1909f56bfc062723c751e8b465ee728b)
Start importing Assets/Scenes/Start/DirectLighting/DirectionalLightStart/LightingData.asset using Guid(cc5aa26a1060a644d8c9a1162251153a) Importer(815301076,1909f56bfc062723c751e8b465ee728b)  -> (artifact id: '5fb83fcc288b9fa3dfb8b28c71be8a8b') in 0.024103 seconds 
========================================================================
Received Import Request.
  Time since last request: 1.644333 seconds.
  path: Assets/Scenes/Start/DirectLighting/DirectionalLightStart.unity
  artifactKey: Guid(16494d86a26034024a016ce4bcbc4094) Importer(815301076,1909f56bfc062723c751e8b465ee728b)
Start importing Assets/Scenes/Start/DirectLighting/DirectionalLightStart.unity using Guid(16494d86a26034024a016ce4bcbc4094) Importer(815301076,1909f56bfc062723c751e8b465ee728b)  -> (artifact id: '294587cc1f1f0aa5db7dee1db1fa90d7') in 0.016878 seconds 
========================================================================
Received Prepare
Registering precompiled user dll's ...
Registered in 0.000418 seconds.
Begin MonoManager ReloadAssembly
Native extension for WindowsStandalone target not found
Native extension for Android target not found
Refreshing native plugins compatible for Editor in 0.26 ms, found 0 plugins.
Preloading 0 native plugins for Editor in 0.00 ms.
Mono: successfully reloaded assembly
- Completed reload, in  0.654 seconds
Domain Reload Profiling:
	ReloadAssembly (655ms)
		BeginReloadAssembly (93ms)
			ExecutionOrderSort (0ms)
			DisableScriptedObjects (6ms)
			BackupInstance (0ms)
			ReleaseScriptingObjects (0ms)
			CreateAndSetChildDomain (19ms)
		EndReloadAssembly (473ms)
			LoadAssemblies (49ms)
			RebuildTransferFunctionScriptingTraits (0ms)
			SetupTypeCache (116ms)
			ReleaseScriptCaches (0ms)
			RebuildScriptCaches (33ms)
			SetupLoadedEditorAssemblies (219ms)
				LogAssemblyErrors (0ms)
				InitializePlatformSupportModulesInManaged (22ms)
				SetLoadedEditorAssemblies (1ms)
				RefreshPlugins (0ms)
				BeforeProcessingInitializeOnLoad (34ms)
				ProcessInitializeOnLoadAttributes (137ms)
				ProcessInitializeOnLoadMethodAttributes (21ms)
				AfterProcessingInitializeOnLoad (3ms)
				EditorAssembliesLoaded (0ms)
			ExecutionOrderSort2 (0ms)
			AwakeInstancesAfterBackupRestoration (7ms)
Platform modules already initialized, skipping
Refreshing native plugins compatible for Editor in 0.40 ms, found 0 plugins.
Preloading 0 native plugins for Editor in 0.00 ms.
Unloading 767 Unused Serialized files (Serialized files now loaded: 0)
Unloading 17 unused Assets / (1.9 MB). Loaded Objects now: 1278.
Memory consumption went from 53.1 MB to 51.3 MB.
Total: 3.089300 ms (FindLiveObjects: 0.129500 ms CreateObjectMapping: 0.029900 ms MarkObjects: 2.365600 ms  DeleteObjects: 0.563200 ms)

AssetImportParameters requested are different than current active one (requested -> active):
  custom:video-decoder-ogg-theora: a1e56fd34408186e4bbccfd4996cb3dc -> 
  custom:container-muxer-webm: aa71ff27fc2769a1b78a27578f13a17b -> 
  custom:container-demuxer-webm: 4f35f7cbe854078d1ac9338744f61a02 -> 
  custom:video-encoder-webm-vp8: eb34c28f22e8b96e1ab97ce403110664 -> 
  custom:audio-encoder-webm-vorbis: bf7c407c2cedff20999df2af8eb42d56 -> 
  custom:framework-win-MediaFoundation: 216162199b28c13a410421893ffa2e32 -> 
  custom:container-demuxer-ogg: 62fdf1f143b41e24485cea50d1cbac27 -> 
  custom:video-decoder-webm-vp8: 9c59270c3fd7afecdb556c50c9e8de78 -> 
  custom:audio-decoder-ogg-vorbis: bf7c407c2cedff20999df2af8eb42d56 -> 
========================================================================
Received Import Request.
  Time since last request: 17.896329 seconds.
  path: Assets/Scenes/_CompletedScenes/DirectLighting
  artifactKey: Guid(dc9f86e1a408f4479a075aa0c1df1736) Importer(815301076,1909f56bfc062723c751e8b465ee728b)
Start importing Assets/Scenes/_CompletedScenes/DirectLighting using Guid(dc9f86e1a408f4479a075aa0c1df1736) Importer(815301076,1909f56bfc062723c751e8b465ee728b)  -> (artifact id: 'a9c07a0e26ab7d15e2074a879c8029e5') in 0.004249 seconds 
========================================================================
Received Import Request.
  Time since last request: 0.897091 seconds.
  path: Assets/Scenes/_CompletedScenes/DirectLighting/DirectionalLightComplete.unity
  artifactKey: Guid(b64a0044d80ed494fb5617a7f3677157) Importer(815301076,1909f56bfc062723c751e8b465ee728b)
Start importing Assets/Scenes/_CompletedScenes/DirectLighting/DirectionalLightComplete.unity using Guid(b64a0044d80ed494fb5617a7f3677157) Importer(815301076,1909f56bfc062723c751e8b465ee728b)  -> (artifact id: 'be0abe5a84776c5f0d5e6befb23b341c') in 0.007617 seconds 
========================================================================
Received Import Request.
  Time since last request: 986.805083 seconds.
  path: Assets/Scenes/In Progress/Scene 1.unity
  artifactKey: Guid(97eb545ed0dd629458f38defa11f1cc9) Importer(815301076,1909f56bfc062723c751e8b465ee728b)
Start importing Assets/Scenes/In Progress/Scene 1.unity using Guid(97eb545ed0dd629458f38defa11f1cc9) Importer(815301076,1909f56bfc062723c751e8b465ee728b)  -> (artifact id: '361e9532583e7c25d3ceb0e457c3dcd7') in 0.006688 seconds 
========================================================================
Received Import Request.
  Time since last request: 73.409078 seconds.
  path: Assets/Prefabs/DirectLighting/CalibrationGeometry.prefab
  artifactKey: Guid(591e124b1b2f945f084b5bc930723158) Importer(815301076,1909f56bfc062723c751e8b465ee728b)
Start importing Assets/Prefabs/DirectLighting/CalibrationGeometry.prefab using Guid(591e124b1b2f945f084b5bc930723158) Importer(815301076,1909f56bfc062723c751e8b465ee728b)  -> (artifact id: 'bdd9f02894fd2649f90821f123ce03de') in 0.293088 seconds 
========================================================================
Received Import Request.
  Time since last request: 114.700029 seconds.
  path: Assets/Prefabs/SciFiCorridor/Car.prefab
  artifactKey: Guid(86eb91c944b87df489809be56332a79a) Importer(815301076,1909f56bfc062723c751e8b465ee728b)
Start importing Assets/Prefabs/SciFiCorridor/Car.prefab using Guid(86eb91c944b87df489809be56332a79a) Importer(815301076,1909f56bfc062723c751e8b465ee728b)  -> (artifact id: '048440ddf44d2868ef4b3f039dceae38') in 0.401952 seconds 
========================================================================
Received Import Request.
  Time since last request: 0.000024 seconds.
  path: Assets/Prefabs/SciFiCorridor/CorridorEmissives.prefab
  artifactKey: Guid(86f811c238cf63b48bc0e8675f4dafa1) Importer(815301076,1909f56bfc062723c751e8b465ee728b)
Start importing Assets/Prefabs/SciFiCorridor/CorridorEmissives.prefab using Guid(86f811c238cf63b48bc0e8675f4dafa1) Importer(815301076,1909f56bfc062723c751e8b465ee728b)  -> (artifact id: '8d88e9b46dab72768e3a17adc90c66a2') in 0.191555 seconds 
========================================================================
Received Import Request.
  Time since last request: 0.000030 seconds.
  path: Assets/Prefabs/SciFiCorridor/DoorTrigger.prefab
  artifactKey: Guid(89ac7574574271d4e8c723922c328093) Importer(815301076,1909f56bfc062723c751e8b465ee728b)
Start importing Assets/Prefabs/SciFiCorridor/DoorTrigger.prefab using Guid(89ac7574574271d4e8c723922c328093) Importer(815301076,1909f56bfc062723c751e8b465ee728b)  -> (artifact id: 'd115051ff41b29468104249680e32a90') in 0.011740 seconds 
========================================================================
Received Import Request.
  Time since last request: 0.000018 seconds.
  path: Assets/Prefabs/SciFiCorridor/ShadowCasters.prefab
  artifactKey: Guid(83d56d18e3b8e7947882159e8020ba07) Importer(815301076,1909f56bfc062723c751e8b465ee728b)
Start importing Assets/Prefabs/SciFiCorridor/ShadowCasters.prefab using Guid(83d56d18e3b8e7947882159e8020ba07) Importer(815301076,1909f56bfc062723c751e8b465ee728b)  -> (artifact id: '0a7c6e9138cd0a94739e02ef9d545a20') in 0.020447 seconds 
========================================================================
Received Import Request.
  Time since last request: 0.000018 seconds.
  path: Assets/Prefabs/SciFiCorridor/HallwayExtensionLighting.prefab
  artifactKey: Guid(e94e35ac448aa8942ab9bb1dfcac5f8f) Importer(815301076,1909f56bfc062723c751e8b465ee728b)
Start importing Assets/Prefabs/SciFiCorridor/HallwayExtensionLighting.prefab using Guid(e94e35ac448aa8942ab9bb1dfcac5f8f) Importer(815301076,1909f56bfc062723c751e8b465ee728b)  -> (artifact id: '61251bb4b681ed95d58c990361a2cb28') in 0.232756 seconds 
========================================================================
Received Import Request.
  Time since last request: 0.000017 seconds.
  path: Assets/Prefabs/SciFiCorridor/CeilingLights.prefab
  artifactKey: Guid(5d3871411c8d5f4428e82e1307804173) Importer(815301076,1909f56bfc062723c751e8b465ee728b)
Start importing Assets/Prefabs/SciFiCorridor/CeilingLights.prefab using Guid(5d3871411c8d5f4428e82e1307804173) Importer(815301076,1909f56bfc062723c751e8b465ee728b)  -> (artifact id: '77a043ae2866e5dcee8d29dd4755e395') in 0.005848 seconds 
========================================================================
Received Import Request.
  Time since last request: 0.000021 seconds.
  path: Assets/Prefabs/SciFiCorridor/CorridorLights.prefab
  artifactKey: Guid(be2baeb07e2e0a74eba7350cf89061a8) Importer(815301076,1909f56bfc062723c751e8b465ee728b)
Start importing Assets/Prefabs/SciFiCorridor/CorridorLights.prefab using Guid(be2baeb07e2e0a74eba7350cf89061a8) Importer(815301076,1909f56bfc062723c751e8b465ee728b)  -> (artifact id: '6e8d079555532e3f9780cf2077f4ba41') in 0.006701 seconds 
========================================================================
Received Import Request.
  Time since last request: 0.000014 seconds.
  path: Assets/Prefabs/SciFiCorridor/PlasticSphere.prefab
  artifactKey: Guid(5728ae1110527894990426ce834362bc) Importer(815301076,1909f56bfc062723c751e8b465ee728b)
Start importing Assets/Prefabs/SciFiCorridor/PlasticSphere.prefab using Guid(5728ae1110527894990426ce834362bc) Importer(815301076,1909f56bfc062723c751e8b465ee728b)  -> (artifact id: '122bd2059485da0fc6538db4f3be9a56') in 0.007839 seconds 
========================================================================
Received Import Request.
  Time since last request: 0.000013 seconds.
  path: Assets/Prefabs/SciFiCorridor/DetailsEmissives.prefab
  artifactKey: Guid(adcc0933a8f220d4895507bdad73ba9a) Importer(815301076,1909f56bfc062723c751e8b465ee728b)
Start importing Assets/Prefabs/SciFiCorridor/DetailsEmissives.prefab using Guid(adcc0933a8f220d4895507bdad73ba9a) Importer(815301076,1909f56bfc062723c751e8b465ee728b)  -> (artifact id: '0b7afa0f053ee30a2f6a5787c34f22fe') in 0.008405 seconds 
========================================================================
Received Import Request.
  Time since last request: 0.000014 seconds.
  path: Assets/Prefabs/SciFiCorridor/HallwayExtension.prefab
  artifactKey: Guid(66f606c3eaad83d42ac8cade14adabbb) Importer(815301076,1909f56bfc062723c751e8b465ee728b)
Start importing Assets/Prefabs/SciFiCorridor/HallwayExtension.prefab using Guid(66f606c3eaad83d42ac8cade14adabbb) Importer(815301076,1909f56bfc062723c751e8b465ee728b)  -> (artifact id: '145cfaa8610e73532053365313a748eb') in 0.217866 seconds 
Editor requested this worker to shutdown with reason: Scaling down because of idle timeout
AssetImportWorker is now disconnected from the server
Process exiting
Exiting without the bug reporter. Application will terminate with return code 0